2026-04-24 22:35:32,391 INFO === Backfill started ===
2026-04-24 22:35:32,391 INFO Step 1/4: Scraping all events, fights, and fighters from UFCStats.com...
2026-04-24 22:35:32,391 INFO Using existing file:
	N:\webprojects\GitHub\mma-elo\pipeline\data\event_data.csv
2026-04-24 22:35:32,395 INFO Scraping event links...
2026-04-24 22:35:34,573 INFO Got 771 event links...
2026-04-24 22:35:34,573 INFO Scraping 676 events...
2026-04-24 22:35:35,766 INFO Scraped 1/676 events...
2026-04-24 22:35:36,525 INFO Scraped 2/676 events...
2026-04-24 22:35:37,399 INFO Scraped 3/676 events...
2026-04-24 22:35:38,399 INFO Scraped 4/676 events...
2026-04-24 22:35:39,312 INFO Scraped 5/676 events...
2026-04-24 22:35:40,078 INFO Scraped 6/676 events...
2026-04-24 22:35:40,828 INFO Scraped 7/676 events...
2026-04-24 22:35:41,581 INFO Scraped 8/676 events...
2026-04-24 22:35:42,370 INFO Scraped 9/676 events...
2026-04-24 22:35:43,334 INFO Scraped 10/676 events...
2026-04-24 22:35:44,227 INFO Scraped 11/676 events...
2026-04-24 22:35:44,992 INFO Scraped 12/676 events...
2026-04-24 22:35:45,724 INFO Scraped 13/676 events...
2026-04-24 22:35:46,465 INFO Scraped 14/676 events...
2026-04-24 22:35:47,401 INFO Scraped 15/676 events...
2026-04-24 22:35:48,367 INFO Scraped 16/676 events...
2026-04-24 22:35:49,488 INFO Scraped 17/676 events...
2026-04-24 22:35:50,269 INFO Scraped 18/676 events...
2026-04-24 22:35:51,003 INFO Scraped 19/676 events...
2026-04-24 22:35:51,856 INFO Scraped 20/676 events...
2026-04-24 22:35:52,742 INFO Scraped 21/676 events...
2026-04-24 22:35:53,845 INFO Scraped 22/676 events...
2026-04-24 22:35:54,702 INFO Scraped 23/676 events...
2026-04-24 22:35:55,996 INFO Scraped 24/676 events...
2026-04-24 22:35:57,367 INFO Scraped 25/676 events...
2026-04-24 22:35:58,090 INFO Scraped 26/676 events...
2026-04-24 22:35:59,020 INFO Scraped 27/676 events...
2026-04-24 22:36:01,209 INFO Scraped 28/676 events...
2026-04-24 22:36:03,350 INFO Scraped 29/676 events...
2026-04-24 22:36:04,804 INFO Scraped 30/676 events...
2026-04-24 22:36:06,092 INFO Scraped 31/676 events...
2026-04-24 22:36:07,214 INFO Scraped 32/676 events...
2026-04-24 22:36:08,104 INFO Scraped 33/676 events...
2026-04-24 22:36:09,386 INFO Scraped 34/676 events...
2026-04-24 22:36:10,377 INFO Scraped 35/676 events...
2026-04-24 22:36:11,340 INFO Scraped 36/676 events...
2026-04-24 22:36:12,199 INFO Scraped 37/676 events...
2026-04-24 22:36:13,457 INFO Scraped 38/676 events...
2026-04-24 22:36:14,367 INFO Scraped 39/676 events...
2026-04-24 22:36:15,324 INFO Scraped 40/676 events...
2026-04-24 22:36:16,356 INFO Scraped 41/676 events...
2026-04-24 22:36:17,223 INFO Scraped 42/676 events...
2026-04-24 22:36:18,479 INFO Scraped 43/676 events...
2026-04-24 22:36:19,917 INFO Scraped 44/676 events...
2026-04-24 22:36:21,149 INFO Scraped 45/676 events...
2026-04-24 22:36:22,365 INFO Scraped 46/676 events...
2026-04-24 22:36:23,809 INFO Scraped 47/676 events...
2026-04-24 22:36:24,708 INFO Scraped 48/676 events...
2026-04-24 22:36:25,782 INFO Scraped 49/676 events...
2026-04-24 22:36:26,825 INFO Scraped 50/676 events...
2026-04-24 22:36:27,665 INFO Scraped 51/676 events...
2026-04-24 22:36:28,824 INFO Scraped 52/676 events...
2026-04-24 22:36:30,071 INFO Scraped 53/676 events...
2026-04-24 22:36:31,279 INFO Scraped 54/676 events...
2026-04-24 22:36:32,068 INFO Scraped 55/676 events...
2026-04-24 22:36:33,254 INFO Scraped 56/676 events...
2026-04-24 22:36:34,807 INFO Scraped 57/676 events...
2026-04-24 22:36:35,767 INFO Scraped 58/676 events...
2026-04-24 22:36:37,089 INFO Scraped 59/676 events...
2026-04-24 22:36:37,926 INFO Scraped 60/676 events...
2026-04-24 22:36:39,096 INFO Scraped 61/676 events...
2026-04-24 22:36:40,105 INFO Scraped 62/676 events...
2026-04-24 22:36:41,596 INFO Scraped 63/676 events...
2026-04-24 22:36:42,675 INFO Scraped 64/676 events...
2026-04-24 22:36:43,810 INFO Scraped 65/676 events...
2026-04-24 22:36:45,045 INFO Scraped 66/676 events...
2026-04-24 22:36:46,113 INFO Scraped 67/676 events...
2026-04-24 22:36:47,174 INFO Scraped 68/676 events...
2026-04-24 22:36:48,136 INFO Scraped 69/676 events...
2026-04-24 22:36:49,275 INFO Scraped 70/676 events...
2026-04-24 22:36:50,427 INFO Scraped 71/676 events...
2026-04-24 22:36:51,250 INFO Scraped 72/676 events...
2026-04-24 22:36:52,617 INFO Scraped 73/676 events...
2026-04-24 22:36:53,171 INFO Scraped 74/676 events...
2026-04-24 22:36:54,045 INFO Scraped 75/676 events...
2026-04-24 22:36:54,948 INFO Scraped 76/676 events...
2026-04-24 22:36:57,031 INFO Scraped 77/676 events...
2026-04-24 22:36:58,841 INFO Scraped 78/676 events...
2026-04-24 22:37:00,706 INFO Scraped 79/676 events...
2026-04-24 22:37:04,803 INFO Scraped 80/676 events...
2026-04-24 22:37:05,945 INFO Scraped 81/676 events...
2026-04-24 22:37:06,896 INFO Scraped 82/676 events...
2026-04-24 22:37:07,840 INFO Scraped 83/676 events...
2026-04-24 22:37:08,395 INFO Scraped 84/676 events...
2026-04-24 22:37:09,064 INFO Scraped 85/676 events...
2026-04-24 22:37:09,979 INFO Scraped 86/676 events...
2026-04-24 22:37:11,111 INFO Scraped 87/676 events...
2026-04-24 22:37:11,892 INFO Scraped 88/676 events...
2026-04-24 22:37:12,780 INFO Scraped 89/676 events...
2026-04-24 22:37:14,169 INFO Scraped 90/676 events...
2026-04-24 22:37:15,194 INFO Scraped 91/676 events...
2026-04-24 22:37:16,451 INFO Scraped 92/676 events...
2026-04-24 22:37:17,408 INFO Scraped 93/676 events...
2026-04-24 22:37:18,437 INFO Scraped 94/676 events...
2026-04-24 22:37:19,833 INFO Scraped 95/676 events...
2026-04-24 22:37:21,256 INFO Scraped 96/676 events...
2026-04-24 22:37:22,283 INFO Scraped 97/676 events...
2026-04-24 22:37:23,299 INFO Scraped 98/676 events...
2026-04-24 22:37:24,230 INFO Scraped 99/676 events...
2026-04-24 22:37:25,094 INFO Scraped 100/676 events...
2026-04-24 22:37:25,943 INFO Scraped 101/676 events...
2026-04-24 22:37:27,259 INFO Scraped 102/676 events...
2026-04-24 22:37:28,374 INFO Scraped 103/676 events...
2026-04-24 22:37:29,533 INFO Scraped 104/676 events...
2026-04-24 22:37:30,589 INFO Scraped 105/676 events...
2026-04-24 22:37:31,688 INFO Scraped 106/676 events...
2026-04-24 22:37:33,346 INFO Scraped 107/676 events...
2026-04-24 22:37:35,140 INFO Scraped 108/676 events...
2026-04-24 22:37:36,701 INFO Scraped 109/676 events...
2026-04-24 22:37:37,749 INFO Scraped 110/676 events...
2026-04-24 22:37:38,775 INFO Scraped 111/676 events...
2026-04-24 22:37:39,735 INFO Scraped 112/676 events...
2026-04-24 22:37:41,095 INFO Scraped 113/676 events...
2026-04-24 22:37:41,826 INFO Scraped 114/676 events...
2026-04-24 22:37:42,584 INFO Scraped 115/676 events...
2026-04-24 22:37:43,720 INFO Scraped 116/676 events...
2026-04-24 22:37:44,672 INFO Scraped 117/676 events...
2026-04-24 22:37:45,464 INFO Scraped 118/676 events...
2026-04-24 22:37:46,489 INFO Scraped 119/676 events...
2026-04-24 22:37:47,353 INFO Scraped 120/676 events...
2026-04-24 22:37:48,543 INFO Scraped 121/676 events...
2026-04-24 22:37:50,137 INFO Scraped 122/676 events...
2026-04-24 22:37:51,004 INFO Scraped 123/676 events...
2026-04-24 22:37:51,939 INFO Scraped 124/676 events...
2026-04-24 22:37:52,672 INFO Scraped 125/676 events...
2026-04-24 22:37:53,585 INFO Scraped 126/676 events...
2026-04-24 22:37:54,523 INFO Scraped 127/676 events...
2026-04-24 22:37:55,504 INFO Scraped 128/676 events...
2026-04-24 22:37:56,977 INFO Scraped 129/676 events...
2026-04-24 22:37:58,099 INFO Scraped 130/676 events...
2026-04-24 22:37:58,929 INFO Scraped 131/676 events...
2026-04-24 22:38:01,682 INFO Scraped 132/676 events...
2026-04-24 22:38:04,306 INFO Scraped 133/676 events...
2026-04-24 22:38:05,991 INFO Scraped 134/676 events...
2026-04-24 22:38:07,086 INFO Scraped 135/676 events...
2026-04-24 22:38:08,284 INFO Scraped 136/676 events...
2026-04-24 22:38:09,358 INFO Scraped 137/676 events...
2026-04-24 22:38:10,210 INFO Scraped 138/676 events...
2026-04-24 22:38:11,400 INFO Scraped 139/676 events...
2026-04-24 22:38:12,526 INFO Scraped 140/676 events...
2026-04-24 22:38:13,747 INFO Scraped 141/676 events...
2026-04-24 22:38:15,379 INFO Scraped 142/676 events...
2026-04-24 22:38:16,191 INFO Scraped 143/676 events...
2026-04-24 22:38:17,152 INFO Scraped 144/676 events...
2026-04-24 22:38:18,001 INFO Scraped 145/676 events...
2026-04-24 22:38:19,304 INFO Scraped 146/676 events...
