2026-04-26 11:40:15,232 INFO HTTP Request: GET https://fznkfnxjeiijysnxccen.supabase.co/rest/v1/fights?select=id "HTTP/2 206 Partial Content"
2026-04-26 11:40:15,718 INFO HTTP Request: GET https://fznkfnxjeiijysnxccen.supabase.co/rest/v1/elo_history?select=id "HTTP/2 206 Partial Content"
2026-04-26 11:40:15,727 INFO Fights in DB: 8649
2026-04-26 11:40:15,727 INFO elo_history rows to be deleted: 17304
2026-04-26 11:40:19,820 INFO === Recalculate started ===
2026-04-26 11:40:19,820 INFO Step 1/2: Wiping elo_history...
2026-04-26 11:40:20,500 INFO HTTP Request: DELETE https://fznkfnxjeiijysnxccen.supabase.co/rest/v1/elo_history?id=gte.00000000-0000-0000-0000-000000000000 "HTTP/2 200 OK"
2026-04-26 11:40:21,828 INFO elo_history cleared.
2026-04-26 11:40:21,828 INFO Step 2/2: Recalculating ELO for all fights...
2026-04-26 11:40:22,427 INFO HTTP Request: GET https://fznkfnxjeiijysnxccen.supabase.co/rest/v1/fights?select=id%2Cfighter_a_id%2Cfighter_b_id%2Cwinner_id%2Cmethod%2Cweight_class%2Cevents%28date%29&offset=0&limit=1000&order=events%28date%29.asc "HTTP/2 200 OK"
2026-04-26 11:40:23,059 INFO HTTP Request: GET https://fznkfnxjeiijysnxccen.supabase.co/rest/v1/fights?select=id%2Cfighter_a_id%2Cfighter_b_id%2Cwinner_id%2Cmethod%2Cweight_class%2Cevents%28date%29&offset=1000&limit=1000&order=events%28date%29.asc "HTTP/2 200 OK"
2026-04-26 11:40:23,524 INFO HTTP Request: GET https://fznkfnxjeiijysnxccen.supabase.co/rest/v1/fights?select=id%2Cfighter_a_id%2Cfighter_b_id%2Cwinner_id%2Cmethod%2Cweight_class%2Cevents%28date%29&offset=2000&limit=1000&order=events%28date%29.asc "HTTP/2 200 OK"
2026-04-26 11:40:24,163 INFO HTTP Request: GET https://fznkfnxjeiijysnxccen.supabase.co/rest/v1/fights?select=id%2Cfighter_a_id%2Cfighter_b_id%2Cwinner_id%2Cmethod%2Cweight_class%2Cevents%28date%29&offset=3000&limit=1000&order=events%28date%29.asc "HTTP/2 200 OK"
2026-04-26 11:40:24,796 INFO HTTP Request: GET https://fznkfnxjeiijysnxccen.supabase.co/rest/v1/fights?select=id%2Cfighter_a_id%2Cfighter_b_id%2Cwinner_id%2Cmethod%2Cweight_class%2Cevents%28date%29&offset=4000&limit=1000&order=events%28date%29.asc "HTTP/2 200 OK"
2026-04-26 11:40:25,438 INFO HTTP Request: GET https://fznkfnxjeiijysnxccen.supabase.co/rest/v1/fights?select=id%2Cfighter_a_id%2Cfighter_b_id%2Cwinner_id%2Cmethod%2Cweight_class%2Cevents%28date%29&offset=5000&limit=1000&order=events%28date%29.asc "HTTP/2 200 OK"
2026-04-26 11:40:26,075 INFO HTTP Request: GET https://fznkfnxjeiijysnxccen.supabase.co/rest/v1/fights?select=id%2Cfighter_a_id%2Cfighter_b_id%2Cwinner_id%2Cmethod%2Cweight_class%2Cevents%28date%29&offset=6000&limit=1000&order=events%28date%29.asc "HTTP/2 200 OK"
2026-04-26 11:40:26,706 INFO HTTP Request: GET https://fznkfnxjeiijysnxccen.supabase.co/rest/v1/fights?select=id%2Cfighter_a_id%2Cfighter_b_id%2Cwinner_id%2Cmethod%2Cweight_class%2Cevents%28date%29&offset=7000&limit=1000&order=events%28date%29.asc "HTTP/2 200 OK"
2026-04-26 11:40:27,349 INFO HTTP Request: GET https://fznkfnxjeiijysnxccen.supabase.co/rest/v1/fights?select=id%2Cfighter_a_id%2Cfighter_b_id%2Cwinner_id%2Cmethod%2Cweight_class%2Cevents%28date%29&offset=8000&limit=1000&order=events%28date%29.asc "HTTP/2 200 OK"
2026-04-26 11:40:27,839 INFO HTTP Request: GET https://fznkfnxjeiijysnxccen.supabase.co/rest/v1/elo_history?select=fight_id&offset=0&limit=1000 "HTTP/2 200 OK"
2026-04-26 11:40:28,059 INFO HTTP Request: GET https://fznkfnxjeiijysnxccen.supabase.co/rest/v1/elo_history?select=fighter_id%2Cweight_class%2Celo_after%2Cdate&offset=0&limit=1000&order=date.asc "HTTP/2 200 OK"
2026-04-26 11:40:28,983 INFO HTTP Request: POST https://fznkfnxjeiijysnxccen.supabase.co/rest/v1/elo_history?columns=%22fight_id%22%2C%22elo_before%22%2C%22elo_after%22%2C%22fighter_id%22%2C%22delta%22%2C%22date%22%2C%22weight_class%22 "HTTP/2 201 Created"
2026-04-26 11:40:29,901 INFO HTTP Request: POST https://fznkfnxjeiijysnxccen.supabase.co/rest/v1/elo_history?columns=%22fight_id%22%2C%22elo_before%22%2C%22elo_after%22%2C%22fighter_id%22%2C%22delta%22%2C%22date%22%2C%22weight_class%22 "HTTP/2 201 Created"
2026-04-26 11:40:30,556 INFO HTTP Request: POST https://fznkfnxjeiijysnxccen.supabase.co/rest/v1/elo_history?columns=%22fight_id%22%2C%22elo_before%22%2C%22elo_after%22%2C%22fighter_id%22%2C%22delta%22%2C%22date%22%2C%22weight_class%22 "HTTP/2 201 Created"
2026-04-26 11:40:31,107 INFO HTTP Request: POST https://fznkfnxjeiijysnxccen.supabase.co/rest/v1/elo_history?columns=%22fight_id%22%2C%22elo_before%22%2C%22elo_after%22%2C%22fighter_id%22%2C%22delta%22%2C%22date%22%2C%22weight_class%22 "HTTP/2 201 Created"
2026-04-26 11:40:31,758 INFO HTTP Request: POST https://fznkfnxjeiijysnxccen.supabase.co/rest/v1/elo_history?columns=%22fight_id%22%2C%22elo_before%22%2C%22elo_after%22%2C%22fighter_id%22%2C%22delta%22%2C%22date%22%2C%22weight_class%22 "HTTP/2 201 Created"
2026-04-26 11:40:32,285 INFO HTTP Request: POST https://fznkfnxjeiijysnxccen.supabase.co/rest/v1/elo_history?columns=%22fight_id%22%2C%22elo_before%22%2C%22elo_after%22%2C%22fighter_id%22%2C%22delta%22%2C%22date%22%2C%22weight_class%22 "HTTP/2 201 Created"
2026-04-26 11:40:32,826 INFO HTTP Request: POST https://fznkfnxjeiijysnxccen.supabase.co/rest/v1/elo_history?columns=%22fight_id%22%2C%22elo_before%22%2C%22elo_after%22%2C%22fighter_id%22%2C%22delta%22%2C%22date%22%2C%22weight_class%22 "HTTP/2 201 Created"
2026-04-26 11:40:33,356 INFO HTTP Request: POST https://fznkfnxjeiijysnxccen.supabase.co/rest/v1/elo_history?columns=%22fight_id%22%2C%22elo_before%22%2C%22elo_after%22%2C%22fighter_id%22%2C%22delta%22%2C%22date%22%2C%22weight_class%22 "HTTP/2 201 Created"
2026-04-26 11:40:33,887 INFO HTTP Request: POST https://fznkfnxjeiijysnxccen.supabase.co/rest/v1/elo_history?columns=%22fight_id%22%2C%22elo_before%22%2C%22elo_after%22%2C%22fighter_id%22%2C%22delta%22%2C%22date%22%2C%22weight_class%22 "HTTP/2 201 Created"
2026-04-26 11:40:34,430 INFO HTTP Request: POST https://fznkfnxjeiijysnxccen.supabase.co/rest/v1/elo_history?columns=%22fight_id%22%2C%22elo_before%22%2C%22elo_after%22%2C%22fighter_id%22%2C%22delta%22%2C%22date%22%2C%22weight_class%22 "HTTP/2 201 Created"
2026-04-26 11:40:34,948 INFO HTTP Request: POST https://fznkfnxjeiijysnxccen.supabase.co/rest/v1/elo_history?columns=%22fight_id%22%2C%22elo_before%22%2C%22elo_after%22%2C%22fighter_id%22%2C%22delta%22%2C%22date%22%2C%22weight_class%22 "HTTP/2 201 Created"
2026-04-26 11:40:35,473 INFO HTTP Request: POST https://fznkfnxjeiijysnxccen.supabase.co/rest/v1/elo_history?columns=%22fight_id%22%2C%22elo_before%22%2C%22elo_after%22%2C%22fighter_id%22%2C%22delta%22%2C%22date%22%2C%22weight_class%22 "HTTP/2 201 Created"
2026-04-26 11:40:36,017 INFO HTTP Request: POST https://fznkfnxjeiijysnxccen.supabase.co/rest/v1/elo_history?columns=%22fight_id%22%2C%22elo_before%22%2C%22elo_after%22%2C%22fighter_id%22%2C%22delta%22%2C%22date%22%2C%22weight_class%22 "HTTP/2 201 Created"
2026-04-26 11:40:36,544 INFO HTTP Request: POST https://fznkfnxjeiijysnxccen.supabase.co/rest/v1/elo_history?columns=%22fight_id%22%2C%22elo_before%22%2C%22elo_after%22%2C%22fighter_id%22%2C%22delta%22%2C%22date%22%2C%22weight_class%22 "HTTP/2 201 Created"
2026-04-26 11:40:37,071 INFO HTTP Request: POST https://fznkfnxjeiijysnxccen.supabase.co/rest/v1/elo_history?columns=%22fight_id%22%2C%22elo_before%22%2C%22elo_after%22%2C%22fighter_id%22%2C%22delta%22%2C%22date%22%2C%22weight_class%22 "HTTP/2 201 Created"
2026-04-26 11:40:37,665 INFO HTTP Request: POST https://fznkfnxjeiijysnxccen.supabase.co/rest/v1/elo_history?columns=%22fight_id%22%2C%22elo_before%22%2C%22elo_after%22%2C%22fighter_id%22%2C%22delta%22%2C%22date%22%2C%22weight_class%22 "HTTP/2 201 Created"
2026-04-26 11:40:38,341 INFO HTTP Request: POST https://fznkfnxjeiijysnxccen.supabase.co/rest/v1/elo_history?columns=%22fight_id%22%2C%22elo_before%22%2C%22elo_after%22%2C%22fighter_id%22%2C%22delta%22%2C%22date%22%2C%22weight_class%22 "HTTP/2 201 Created"
2026-04-26 11:40:38,870 INFO HTTP Request: POST https://fznkfnxjeiijysnxccen.supabase.co/rest/v1/elo_history?columns=%22fight_id%22%2C%22elo_before%22%2C%22elo_after%22%2C%22fighter_id%22%2C%22delta%22%2C%22date%22%2C%22weight_class%22 "HTTP/2 201 Created"
2026-04-26 11:40:39,409 INFO HTTP Request: POST https://fznkfnxjeiijysnxccen.supabase.co/rest/v1/elo_history?columns=%22fight_id%22%2C%22elo_before%22%2C%22elo_after%22%2C%22fighter_id%22%2C%22delta%22%2C%22date%22%2C%22weight_class%22 "HTTP/2 201 Created"
2026-04-26 11:40:40,075 INFO HTTP Request: POST https://fznkfnxjeiijysnxccen.supabase.co/rest/v1/elo_history?columns=%22fight_id%22%2C%22elo_before%22%2C%22elo_after%22%2C%22fighter_id%22%2C%22delta%22%2C%22date%22%2C%22weight_class%22 "HTTP/2 201 Created"
2026-04-26 11:40:40,602 INFO HTTP Request: POST https://fznkfnxjeiijysnxccen.supabase.co/rest/v1/elo_history?columns=%22fight_id%22%2C%22elo_before%22%2C%22elo_after%22%2C%22fighter_id%22%2C%22delta%22%2C%22date%22%2C%22weight_class%22 "HTTP/2 201 Created"
2026-04-26 11:40:41,137 INFO HTTP Request: POST https://fznkfnxjeiijysnxccen.supabase.co/rest/v1/elo_history?columns=%22fight_id%22%2C%22elo_before%22%2C%22elo_after%22%2C%22fighter_id%22%2C%22delta%22%2C%22date%22%2C%22weight_class%22 "HTTP/2 201 Created"
2026-04-26 11:40:41,657 INFO HTTP Request: POST https://fznkfnxjeiijysnxccen.supabase.co/rest/v1/elo_history?columns=%22fight_id%22%2C%22elo_before%22%2C%22elo_after%22%2C%22fighter_id%22%2C%22delta%22%2C%22date%22%2C%22weight_class%22 "HTTP/2 201 Created"
2026-04-26 11:40:42,177 INFO HTTP Request: POST https://fznkfnxjeiijysnxccen.supabase.co/rest/v1/elo_history?columns=%22fight_id%22%2C%22elo_before%22%2C%22elo_after%22%2C%22fighter_id%22%2C%22delta%22%2C%22date%22%2C%22weight_class%22 "HTTP/2 201 Created"
2026-04-26 11:40:42,718 INFO HTTP Request: POST https://fznkfnxjeiijysnxccen.supabase.co/rest/v1/elo_history?columns=%22fight_id%22%2C%22elo_before%22%2C%22elo_after%22%2C%22fighter_id%22%2C%22delta%22%2C%22date%22%2C%22weight_class%22 "HTTP/2 201 Created"
2026-04-26 11:40:43,236 INFO HTTP Request: POST https://fznkfnxjeiijysnxccen.supabase.co/rest/v1/elo_history?columns=%22fight_id%22%2C%22elo_before%22%2C%22elo_after%22%2C%22fighter_id%22%2C%22delta%22%2C%22date%22%2C%22weight_class%22 "HTTP/2 201 Created"
2026-04-26 11:40:43,763 INFO HTTP Request: POST https://fznkfnxjeiijysnxccen.supabase.co/rest/v1/elo_history?columns=%22fight_id%22%2C%22elo_before%22%2C%22elo_after%22%2C%22fighter_id%22%2C%22delta%22%2C%22date%22%2C%22weight_class%22 "HTTP/2 201 Created"
2026-04-26 11:40:44,299 INFO HTTP Request: POST https://fznkfnxjeiijysnxccen.supabase.co/rest/v1/elo_history?columns=%22fight_id%22%2C%22elo_before%22%2C%22elo_after%22%2C%22fighter_id%22%2C%22delta%22%2C%22date%22%2C%22weight_class%22 "HTTP/2 201 Created"
2026-04-26 11:40:44,814 INFO HTTP Request: POST https://fznkfnxjeiijysnxccen.supabase.co/rest/v1/elo_history?columns=%22fight_id%22%2C%22elo_before%22%2C%22elo_after%22%2C%22fighter_id%22%2C%22delta%22%2C%22date%22%2C%22weight_class%22 "HTTP/2 201 Created"
2026-04-26 11:40:45,337 INFO HTTP Request: POST https://fznkfnxjeiijysnxccen.supabase.co/rest/v1/elo_history?columns=%22fight_id%22%2C%22elo_before%22%2C%22elo_after%22%2C%22fighter_id%22%2C%22delta%22%2C%22date%22%2C%22weight_class%22 "HTTP/2 201 Created"
2026-04-26 11:40:45,876 INFO HTTP Request: POST https://fznkfnxjeiijysnxccen.supabase.co/rest/v1/elo_history?columns=%22fight_id%22%2C%22elo_before%22%2C%22elo_after%22%2C%22fighter_id%22%2C%22delta%22%2C%22date%22%2C%22weight_class%22 "HTTP/2 201 Created"
2026-04-26 11:40:46,392 INFO HTTP Request: POST https://fznkfnxjeiijysnxccen.supabase.co/rest/v1/elo_history?columns=%22fight_id%22%2C%22elo_before%22%2C%22elo_after%22%2C%22fighter_id%22%2C%22delta%22%2C%22date%22%2C%22weight_class%22 "HTTP/2 201 Created"
2026-04-26 11:40:46,914 INFO HTTP Request: POST https://fznkfnxjeiijysnxccen.supabase.co/rest/v1/elo_history?columns=%22fight_id%22%2C%22elo_before%22%2C%22elo_after%22%2C%22fighter_id%22%2C%22delta%22%2C%22date%22%2C%22weight_class%22 "HTTP/2 201 Created"
2026-04-26 11:40:47,457 INFO HTTP Request: POST https://fznkfnxjeiijysnxccen.supabase.co/rest/v1/elo_history?columns=%22fight_id%22%2C%22elo_before%22%2C%22elo_after%22%2C%22fighter_id%22%2C%22delta%22%2C%22date%22%2C%22weight_class%22 "HTTP/2 201 Created"
2026-04-26 11:40:47,980 INFO HTTP Request: POST https://fznkfnxjeiijysnxccen.supabase.co/rest/v1/elo_history?columns=%22fight_id%22%2C%22elo_before%22%2C%22elo_after%22%2C%22fighter_id%22%2C%22delta%22%2C%22date%22%2C%22weight_class%22 "HTTP/2 201 Created"
2026-04-26 11:40:48,505 INFO HTTP Request: POST https://fznkfnxjeiijysnxccen.supabase.co/rest/v1/elo_history?columns=%22fight_id%22%2C%22elo_before%22%2C%22elo_after%22%2C%22fighter_id%22%2C%22delta%22%2C%22date%22%2C%22weight_class%22 "HTTP/2 201 Created"
2026-04-26 11:40:49,041 INFO HTTP Request: POST https://fznkfnxjeiijysnxccen.supabase.co/rest/v1/elo_history?columns=%22fight_id%22%2C%22elo_before%22%2C%22elo_after%22%2C%22fighter_id%22%2C%22delta%22%2C%22date%22%2C%22weight_class%22 "HTTP/2 201 Created"
2026-04-26 11:40:49,557 INFO HTTP Request: POST https://fznkfnxjeiijysnxccen.supabase.co/rest/v1/elo_history?columns=%22fight_id%22%2C%22elo_before%22%2C%22elo_after%22%2C%22fighter_id%22%2C%22delta%22%2C%22date%22%2C%22weight_class%22 "HTTP/2 201 Created"
2026-04-26 11:40:50,084 INFO HTTP Request: POST https://fznkfnxjeiijysnxccen.supabase.co/rest/v1/elo_history?columns=%22fight_id%22%2C%22elo_before%22%2C%22elo_after%22%2C%22fighter_id%22%2C%22delta%22%2C%22date%22%2C%22weight_class%22 "HTTP/2 201 Created"
2026-04-26 11:40:50,628 INFO HTTP Request: POST https://fznkfnxjeiijysnxccen.supabase.co/rest/v1/elo_history?columns=%22fight_id%22%2C%22elo_before%22%2C%22elo_after%22%2C%22fighter_id%22%2C%22delta%22%2C%22date%22%2C%22weight_class%22 "HTTP/2 201 Created"
2026-04-26 11:40:51,145 INFO HTTP Request: POST https://fznkfnxjeiijysnxccen.supabase.co/rest/v1/elo_history?columns=%22fight_id%22%2C%22elo_before%22%2C%22elo_after%22%2C%22fighter_id%22%2C%22delta%22%2C%22date%22%2C%22weight_class%22 "HTTP/2 201 Created"
2026-04-26 11:40:51,671 INFO HTTP Request: POST https://fznkfnxjeiijysnxccen.supabase.co/rest/v1/elo_history?columns=%22fight_id%22%2C%22elo_before%22%2C%22elo_after%22%2C%22fighter_id%22%2C%22delta%22%2C%22date%22%2C%22weight_class%22 "HTTP/2 201 Created"
2026-04-26 11:40:52,211 INFO HTTP Request: POST https://fznkfnxjeiijysnxccen.supabase.co/rest/v1/elo_history?columns=%22fight_id%22%2C%22elo_before%22%2C%22elo_after%22%2C%22fighter_id%22%2C%22delta%22%2C%22date%22%2C%22weight_class%22 "HTTP/2 201 Created"
2026-04-26 11:40:52,462 INFO HTTP Request: POST https://fznkfnxjeiijysnxccen.supabase.co/rest/v1/elo_history?columns=%22fight_id%22%2C%22elo_before%22%2C%22elo_after%22%2C%22fighter_id%22%2C%22delta%22%2C%22date%22%2C%22weight_class%22 "HTTP/2 201 Created"
2026-04-26 11:40:52,465 INFO ELO calculated for 8649 fights
2026-04-26 11:40:52,466 INFO ELO calculated for 8649 fights.
2026-04-26 11:40:52,466 INFO === Recalculate complete ===
2026-04-26 12:15:20,489 INFO HTTP Request: GET https://fznkfnxjeiijysnxccen.supabase.co/rest/v1/fights?select=id "HTTP/2 206 Partial Content"
2026-04-26 12:15:20,997 INFO HTTP Request: GET https://fznkfnxjeiijysnxccen.supabase.co/rest/v1/elo_history?select=id "HTTP/2 206 Partial Content"
2026-04-26 12:15:21,005 INFO Fights in DB: 8649
2026-04-26 12:15:21,005 INFO elo_history rows to be deleted: 17298
2026-04-26 12:15:23,550 INFO === Recalculate started ===
2026-04-26 12:15:23,550 INFO Step 1/2: Wiping elo_history...
2026-04-26 12:15:24,281 INFO HTTP Request: DELETE https://fznkfnxjeiijysnxccen.supabase.co/rest/v1/elo_history?id=gte.00000000-0000-0000-0000-000000000000 "HTTP/2 200 OK"
2026-04-26 12:15:25,668 INFO elo_history cleared.
2026-04-26 12:15:25,668 INFO Step 2/2: Recalculating ELO for all fights...
2026-04-26 12:15:26,163 INFO HTTP Request: GET https://fznkfnxjeiijysnxccen.supabase.co/rest/v1/fights?select=id%2Cfighter_a_id%2Cfighter_b_id%2Cwinner_id%2Cmethod%2Cweight_class%2Cevents%28date%29&offset=0&limit=1000&order=events%28date%29.asc "HTTP/2 200 OK"
2026-04-26 12:15:26,791 INFO HTTP Request: GET https://fznkfnxjeiijysnxccen.supabase.co/rest/v1/fights?select=id%2Cfighter_a_id%2Cfighter_b_id%2Cwinner_id%2Cmethod%2Cweight_class%2Cevents%28date%29&offset=1000&limit=1000&order=events%28date%29.asc "HTTP/2 200 OK"
2026-04-26 12:15:27,433 INFO HTTP Request: GET https://fznkfnxjeiijysnxccen.supabase.co/rest/v1/fights?select=id%2Cfighter_a_id%2Cfighter_b_id%2Cwinner_id%2Cmethod%2Cweight_class%2Cevents%28date%29&offset=2000&limit=1000&order=events%28date%29.asc "HTTP/2 200 OK"
2026-04-26 12:15:28,078 INFO HTTP Request: GET https://fznkfnxjeiijysnxccen.supabase.co/rest/v1/fights?select=id%2Cfighter_a_id%2Cfighter_b_id%2Cwinner_id%2Cmethod%2Cweight_class%2Cevents%28date%29&offset=3000&limit=1000&order=events%28date%29.asc "HTTP/2 200 OK"
2026-04-26 12:15:28,736 INFO HTTP Request: GET https://fznkfnxjeiijysnxccen.supabase.co/rest/v1/fights?select=id%2Cfighter_a_id%2Cfighter_b_id%2Cwinner_id%2Cmethod%2Cweight_class%2Cevents%28date%29&offset=4000&limit=1000&order=events%28date%29.asc "HTTP/2 200 OK"
2026-04-26 12:15:29,386 INFO HTTP Request: GET https://fznkfnxjeiijysnxccen.supabase.co/rest/v1/fights?select=id%2Cfighter_a_id%2Cfighter_b_id%2Cwinner_id%2Cmethod%2Cweight_class%2Cevents%28date%29&offset=5000&limit=1000&order=events%28date%29.asc "HTTP/2 200 OK"
2026-04-26 12:15:30,016 INFO HTTP Request: GET https://fznkfnxjeiijysnxccen.supabase.co/rest/v1/fights?select=id%2Cfighter_a_id%2Cfighter_b_id%2Cwinner_id%2Cmethod%2Cweight_class%2Cevents%28date%29&offset=6000&limit=1000&order=events%28date%29.asc "HTTP/2 200 OK"
2026-04-26 12:15:30,640 INFO HTTP Request: GET https://fznkfnxjeiijysnxccen.supabase.co/rest/v1/fights?select=id%2Cfighter_a_id%2Cfighter_b_id%2Cwinner_id%2Cmethod%2Cweight_class%2Cevents%28date%29&offset=7000&limit=1000&order=events%28date%29.asc "HTTP/2 200 OK"
2026-04-26 12:15:31,289 INFO HTTP Request: GET https://fznkfnxjeiijysnxccen.supabase.co/rest/v1/fights?select=id%2Cfighter_a_id%2Cfighter_b_id%2Cwinner_id%2Cmethod%2Cweight_class%2Cevents%28date%29&offset=8000&limit=1000&order=events%28date%29.asc "HTTP/2 200 OK"
2026-04-26 12:15:31,713 INFO HTTP Request: GET https://fznkfnxjeiijysnxccen.supabase.co/rest/v1/elo_history?select=fight_id&offset=0&limit=1000 "HTTP/2 200 OK"
2026-04-26 12:15:31,936 INFO HTTP Request: GET https://fznkfnxjeiijysnxccen.supabase.co/rest/v1/elo_history?select=fighter_id%2Cweight_class%2Celo_after%2Cp4p_elo_after%2Cdate&offset=0&limit=1000&order=date.asc "HTTP/2 200 OK"
2026-04-26 12:15:32,883 INFO HTTP Request: POST https://fznkfnxjeiijysnxccen.supabase.co/rest/v1/elo_history?columns=%22p4p_elo_before%22%2C%22p4p_elo_after%22%2C%22fight_id%22%2C%22delta%22%2C%22elo_before%22%2C%22elo_after%22%2C%22date%22%2C%22p4p_delta%22%2C%22weight_class%22%2C%22fighter_id%22 "HTTP/2 201 Created"
2026-04-26 12:15:34,010 INFO HTTP Request: POST https://fznkfnxjeiijysnxccen.supabase.co/rest/v1/elo_history?columns=%22p4p_elo_before%22%2C%22p4p_elo_after%22%2C%22fight_id%22%2C%22delta%22%2C%22elo_before%22%2C%22elo_after%22%2C%22date%22%2C%22p4p_delta%22%2C%22weight_class%22%2C%22fighter_id%22 "HTTP/2 201 Created"
2026-04-26 12:15:34,590 INFO HTTP Request: POST https://fznkfnxjeiijysnxccen.supabase.co/rest/v1/elo_history?columns=%22p4p_elo_before%22%2C%22p4p_elo_after%22%2C%22fight_id%22%2C%22delta%22%2C%22elo_before%22%2C%22elo_after%22%2C%22date%22%2C%22p4p_delta%22%2C%22weight_class%22%2C%22fighter_id%22 "HTTP/2 201 Created"
2026-04-26 12:15:35,310 INFO HTTP Request: POST https://fznkfnxjeiijysnxccen.supabase.co/rest/v1/elo_history?columns=%22p4p_elo_before%22%2C%22p4p_elo_after%22%2C%22fight_id%22%2C%22delta%22%2C%22elo_before%22%2C%22elo_after%22%2C%22date%22%2C%22p4p_delta%22%2C%22weight_class%22%2C%22fighter_id%22 "HTTP/2 201 Created"
2026-04-26 12:15:35,868 INFO HTTP Request: POST https://fznkfnxjeiijysnxccen.supabase.co/rest/v1/elo_history?columns=%22p4p_elo_before%22%2C%22p4p_elo_after%22%2C%22fight_id%22%2C%22delta%22%2C%22elo_before%22%2C%22elo_after%22%2C%22date%22%2C%22p4p_delta%22%2C%22weight_class%22%2C%22fighter_id%22 "HTTP/2 201 Created"
2026-04-26 12:15:36,581 INFO HTTP Request: POST https://fznkfnxjeiijysnxccen.supabase.co/rest/v1/elo_history?columns=%22p4p_elo_before%22%2C%22p4p_elo_after%22%2C%22fight_id%22%2C%22delta%22%2C%22elo_before%22%2C%22elo_after%22%2C%22date%22%2C%22p4p_delta%22%2C%22weight_class%22%2C%22fighter_id%22 "HTTP/2 201 Created"
2026-04-26 12:15:37,158 INFO HTTP Request: POST https://fznkfnxjeiijysnxccen.supabase.co/rest/v1/elo_history?columns=%22p4p_elo_before%22%2C%22p4p_elo_after%22%2C%22fight_id%22%2C%22delta%22%2C%22elo_before%22%2C%22elo_after%22%2C%22date%22%2C%22p4p_delta%22%2C%22weight_class%22%2C%22fighter_id%22 "HTTP/2 201 Created"
2026-04-26 12:15:37,792 INFO HTTP Request: POST https://fznkfnxjeiijysnxccen.supabase.co/rest/v1/elo_history?columns=%22p4p_elo_before%22%2C%22p4p_elo_after%22%2C%22fight_id%22%2C%22delta%22%2C%22elo_before%22%2C%22elo_after%22%2C%22date%22%2C%22p4p_delta%22%2C%22weight_class%22%2C%22fighter_id%22 "HTTP/2 201 Created"
2026-04-26 12:15:38,348 INFO HTTP Request: POST https://fznkfnxjeiijysnxccen.supabase.co/rest/v1/elo_history?columns=%22p4p_elo_before%22%2C%22p4p_elo_after%22%2C%22fight_id%22%2C%22delta%22%2C%22elo_before%22%2C%22elo_after%22%2C%22date%22%2C%22p4p_delta%22%2C%22weight_class%22%2C%22fighter_id%22 "HTTP/2 201 Created"
2026-04-26 12:15:38,928 INFO HTTP Request: POST https://fznkfnxjeiijysnxccen.supabase.co/rest/v1/elo_history?columns=%22p4p_elo_before%22%2C%22p4p_elo_after%22%2C%22fight_id%22%2C%22delta%22%2C%22elo_before%22%2C%22elo_after%22%2C%22date%22%2C%22p4p_delta%22%2C%22weight_class%22%2C%22fighter_id%22 "HTTP/2 201 Created"
2026-04-26 12:15:39,480 INFO HTTP Request: POST https://fznkfnxjeiijysnxccen.supabase.co/rest/v1/elo_history?columns=%22p4p_elo_before%22%2C%22p4p_elo_after%22%2C%22fight_id%22%2C%22delta%22%2C%22elo_before%22%2C%22elo_after%22%2C%22date%22%2C%22p4p_delta%22%2C%22weight_class%22%2C%22fighter_id%22 "HTTP/2 201 Created"
2026-04-26 12:15:40,058 INFO HTTP Request: POST https://fznkfnxjeiijysnxccen.supabase.co/rest/v1/elo_history?columns=%22p4p_elo_before%22%2C%22p4p_elo_after%22%2C%22fight_id%22%2C%22delta%22%2C%22elo_before%22%2C%22elo_after%22%2C%22date%22%2C%22p4p_delta%22%2C%22weight_class%22%2C%22fighter_id%22 "HTTP/2 201 Created"
2026-04-26 12:15:40,640 INFO HTTP Request: POST https://fznkfnxjeiijysnxccen.supabase.co/rest/v1/elo_history?columns=%22p4p_elo_before%22%2C%22p4p_elo_after%22%2C%22fight_id%22%2C%22delta%22%2C%22elo_before%22%2C%22elo_after%22%2C%22date%22%2C%22p4p_delta%22%2C%22weight_class%22%2C%22fighter_id%22 "HTTP/2 201 Created"
2026-04-26 12:15:41,156 INFO HTTP Request: POST https://fznkfnxjeiijysnxccen.supabase.co/rest/v1/elo_history?columns=%22p4p_elo_before%22%2C%22p4p_elo_after%22%2C%22fight_id%22%2C%22delta%22%2C%22elo_before%22%2C%22elo_after%22%2C%22date%22%2C%22p4p_delta%22%2C%22weight_class%22%2C%22fighter_id%22 "HTTP/2 201 Created"
2026-04-26 12:15:41,710 INFO HTTP Request: POST https://fznkfnxjeiijysnxccen.supabase.co/rest/v1/elo_history?columns=%22p4p_elo_before%22%2C%22p4p_elo_after%22%2C%22fight_id%22%2C%22delta%22%2C%22elo_before%22%2C%22elo_after%22%2C%22date%22%2C%22p4p_delta%22%2C%22weight_class%22%2C%22fighter_id%22 "HTTP/2 201 Created"
2026-04-26 12:15:42,280 INFO HTTP Request: POST https://fznkfnxjeiijysnxccen.supabase.co/rest/v1/elo_history?columns=%22p4p_elo_before%22%2C%22p4p_elo_after%22%2C%22fight_id%22%2C%22delta%22%2C%22elo_before%22%2C%22elo_after%22%2C%22date%22%2C%22p4p_delta%22%2C%22weight_class%22%2C%22fighter_id%22 "HTTP/2 201 Created"
2026-04-26 12:15:42,827 INFO HTTP Request: POST https://fznkfnxjeiijysnxccen.supabase.co/rest/v1/elo_history?columns=%22p4p_elo_before%22%2C%22p4p_elo_after%22%2C%22fight_id%22%2C%22delta%22%2C%22elo_before%22%2C%22elo_after%22%2C%22date%22%2C%22p4p_delta%22%2C%22weight_class%22%2C%22fighter_id%22 "HTTP/2 201 Created"
2026-04-26 12:15:43,406 INFO HTTP Request: POST https://fznkfnxjeiijysnxccen.supabase.co/rest/v1/elo_history?columns=%22p4p_elo_before%22%2C%22p4p_elo_after%22%2C%22fight_id%22%2C%22delta%22%2C%22elo_before%22%2C%22elo_after%22%2C%22date%22%2C%22p4p_delta%22%2C%22weight_class%22%2C%22fighter_id%22 "HTTP/2 201 Created"
2026-04-26 12:15:43,973 INFO HTTP Request: POST https://fznkfnxjeiijysnxccen.supabase.co/rest/v1/elo_history?columns=%22p4p_elo_before%22%2C%22p4p_elo_after%22%2C%22fight_id%22%2C%22delta%22%2C%22elo_before%22%2C%22elo_after%22%2C%22date%22%2C%22p4p_delta%22%2C%22weight_class%22%2C%22fighter_id%22 "HTTP/2 201 Created"
2026-04-26 12:15:44,505 INFO HTTP Request: POST https://fznkfnxjeiijysnxccen.supabase.co/rest/v1/elo_history?columns=%22p4p_elo_before%22%2C%22p4p_elo_after%22%2C%22fight_id%22%2C%22delta%22%2C%22elo_before%22%2C%22elo_after%22%2C%22date%22%2C%22p4p_delta%22%2C%22weight_class%22%2C%22fighter_id%22 "HTTP/2 201 Created"
2026-04-26 12:15:45,063 INFO HTTP Request: POST https://fznkfnxjeiijysnxccen.supabase.co/rest/v1/elo_history?columns=%22p4p_elo_before%22%2C%22p4p_elo_after%22%2C%22fight_id%22%2C%22delta%22%2C%22elo_before%22%2C%22elo_after%22%2C%22date%22%2C%22p4p_delta%22%2C%22weight_class%22%2C%22fighter_id%22 "HTTP/2 201 Created"
2026-04-26 12:15:45,642 INFO HTTP Request: POST https://fznkfnxjeiijysnxccen.supabase.co/rest/v1/elo_history?columns=%22p4p_elo_before%22%2C%22p4p_elo_after%22%2C%22fight_id%22%2C%22delta%22%2C%22elo_before%22%2C%22elo_after%22%2C%22date%22%2C%22p4p_delta%22%2C%22weight_class%22%2C%22fighter_id%22 "HTTP/2 201 Created"
2026-04-26 12:15:46,187 INFO HTTP Request: POST https://fznkfnxjeiijysnxccen.supabase.co/rest/v1/elo_history?columns=%22p4p_elo_before%22%2C%22p4p_elo_after%22%2C%22fight_id%22%2C%22delta%22%2C%22elo_before%22%2C%22elo_after%22%2C%22date%22%2C%22p4p_delta%22%2C%22weight_class%22%2C%22fighter_id%22 "HTTP/2 201 Created"
2026-04-26 12:15:46,763 INFO HTTP Request: POST https://fznkfnxjeiijysnxccen.supabase.co/rest/v1/elo_history?columns=%22p4p_elo_before%22%2C%22p4p_elo_after%22%2C%22fight_id%22%2C%22delta%22%2C%22elo_before%22%2C%22elo_after%22%2C%22date%22%2C%22p4p_delta%22%2C%22weight_class%22%2C%22fighter_id%22 "HTTP/2 201 Created"
2026-04-26 12:15:47,335 INFO HTTP Request: POST https://fznkfnxjeiijysnxccen.supabase.co/rest/v1/elo_history?columns=%22p4p_elo_before%22%2C%22p4p_elo_after%22%2C%22fight_id%22%2C%22delta%22%2C%22elo_before%22%2C%22elo_after%22%2C%22date%22%2C%22p4p_delta%22%2C%22weight_class%22%2C%22fighter_id%22 "HTTP/2 201 Created"
2026-04-26 12:15:47,850 INFO HTTP Request: POST https://fznkfnxjeiijysnxccen.supabase.co/rest/v1/elo_history?columns=%22p4p_elo_before%22%2C%22p4p_elo_after%22%2C%22fight_id%22%2C%22delta%22%2C%22elo_before%22%2C%22elo_after%22%2C%22date%22%2C%22p4p_delta%22%2C%22weight_class%22%2C%22fighter_id%22 "HTTP/2 201 Created"
2026-04-26 12:15:48,507 INFO HTTP Request: POST https://fznkfnxjeiijysnxccen.supabase.co/rest/v1/elo_history?columns=%22p4p_elo_before%22%2C%22p4p_elo_after%22%2C%22fight_id%22%2C%22delta%22%2C%22elo_before%22%2C%22elo_after%22%2C%22date%22%2C%22p4p_delta%22%2C%22weight_class%22%2C%22fighter_id%22 "HTTP/2 201 Created"
2026-04-26 12:15:49,082 INFO HTTP Request: POST https://fznkfnxjeiijysnxccen.supabase.co/rest/v1/elo_history?columns=%22p4p_elo_before%22%2C%22p4p_elo_after%22%2C%22fight_id%22%2C%22delta%22%2C%22elo_before%22%2C%22elo_after%22%2C%22date%22%2C%22p4p_delta%22%2C%22weight_class%22%2C%22fighter_id%22 "HTTP/2 201 Created"
2026-04-26 12:15:49,633 INFO HTTP Request: POST https://fznkfnxjeiijysnxccen.supabase.co/rest/v1/elo_history?columns=%22p4p_elo_before%22%2C%22p4p_elo_after%22%2C%22fight_id%22%2C%22delta%22%2C%22elo_before%22%2C%22elo_after%22%2C%22date%22%2C%22p4p_delta%22%2C%22weight_class%22%2C%22fighter_id%22 "HTTP/2 201 Created"
2026-04-26 12:15:50,207 INFO HTTP Request: POST https://fznkfnxjeiijysnxccen.supabase.co/rest/v1/elo_history?columns=%22p4p_elo_before%22%2C%22p4p_elo_after%22%2C%22fight_id%22%2C%22delta%22%2C%22elo_before%22%2C%22elo_after%22%2C%22date%22%2C%22p4p_delta%22%2C%22weight_class%22%2C%22fighter_id%22 "HTTP/2 201 Created"
2026-04-26 12:15:50,778 INFO HTTP Request: POST https://fznkfnxjeiijysnxccen.supabase.co/rest/v1/elo_history?columns=%22p4p_elo_before%22%2C%22p4p_elo_after%22%2C%22fight_id%22%2C%22delta%22%2C%22elo_before%22%2C%22elo_after%22%2C%22date%22%2C%22p4p_delta%22%2C%22weight_class%22%2C%22fighter_id%22 "HTTP/2 201 Created"
2026-04-26 12:15:51,295 INFO HTTP Request: POST https://fznkfnxjeiijysnxccen.supabase.co/rest/v1/elo_history?columns=%22p4p_elo_before%22%2C%22p4p_elo_after%22%2C%22fight_id%22%2C%22delta%22%2C%22elo_before%22%2C%22elo_after%22%2C%22date%22%2C%22p4p_delta%22%2C%22weight_class%22%2C%22fighter_id%22 "HTTP/2 201 Created"
2026-04-26 12:15:51,829 INFO HTTP Request: POST https://fznkfnxjeiijysnxccen.supabase.co/rest/v1/elo_history?columns=%22p4p_elo_before%22%2C%22p4p_elo_after%22%2C%22fight_id%22%2C%22delta%22%2C%22elo_before%22%2C%22elo_after%22%2C%22date%22%2C%22p4p_delta%22%2C%22weight_class%22%2C%22fighter_id%22 "HTTP/2 201 Created"
2026-04-26 12:15:52,401 INFO HTTP Request: POST https://fznkfnxjeiijysnxccen.supabase.co/rest/v1/elo_history?columns=%22p4p_elo_before%22%2C%22p4p_elo_after%22%2C%22fight_id%22%2C%22delta%22%2C%22elo_before%22%2C%22elo_after%22%2C%22date%22%2C%22p4p_delta%22%2C%22weight_class%22%2C%22fighter_id%22 "HTTP/2 201 Created"
2026-04-26 12:15:52,949 INFO HTTP Request: POST https://fznkfnxjeiijysnxccen.supabase.co/rest/v1/elo_history?columns=%22p4p_elo_before%22%2C%22p4p_elo_after%22%2C%22fight_id%22%2C%22delta%22%2C%22elo_before%22%2C%22elo_after%22%2C%22date%22%2C%22p4p_delta%22%2C%22weight_class%22%2C%22fighter_id%22 "HTTP/2 201 Created"
2026-04-26 12:15:53,525 INFO HTTP Request: POST https://fznkfnxjeiijysnxccen.supabase.co/rest/v1/elo_history?columns=%22p4p_elo_before%22%2C%22p4p_elo_after%22%2C%22fight_id%22%2C%22delta%22%2C%22elo_before%22%2C%22elo_after%22%2C%22date%22%2C%22p4p_delta%22%2C%22weight_class%22%2C%22fighter_id%22 "HTTP/2 201 Created"
2026-04-26 12:15:54,095 INFO HTTP Request: POST https://fznkfnxjeiijysnxccen.supabase.co/rest/v1/elo_history?columns=%22p4p_elo_before%22%2C%22p4p_elo_after%22%2C%22fight_id%22%2C%22delta%22%2C%22elo_before%22%2C%22elo_after%22%2C%22date%22%2C%22p4p_delta%22%2C%22weight_class%22%2C%22fighter_id%22 "HTTP/2 201 Created"
2026-04-26 12:15:54,606 INFO HTTP Request: POST https://fznkfnxjeiijysnxccen.supabase.co/rest/v1/elo_history?columns=%22p4p_elo_before%22%2C%22p4p_elo_after%22%2C%22fight_id%22%2C%22delta%22%2C%22elo_before%22%2C%22elo_after%22%2C%22date%22%2C%22p4p_delta%22%2C%22weight_class%22%2C%22fighter_id%22 "HTTP/2 201 Created"
2026-04-26 12:15:55,155 INFO HTTP Request: POST https://fznkfnxjeiijysnxccen.supabase.co/rest/v1/elo_history?columns=%22p4p_elo_before%22%2C%22p4p_elo_after%22%2C%22fight_id%22%2C%22delta%22%2C%22elo_before%22%2C%22elo_after%22%2C%22date%22%2C%22p4p_delta%22%2C%22weight_class%22%2C%22fighter_id%22 "HTTP/2 201 Created"
2026-04-26 12:15:55,736 INFO HTTP Request: POST https://fznkfnxjeiijysnxccen.supabase.co/rest/v1/elo_history?columns=%22p4p_elo_before%22%2C%22p4p_elo_after%22%2C%22fight_id%22%2C%22delta%22%2C%22elo_before%22%2C%22elo_after%22%2C%22date%22%2C%22p4p_delta%22%2C%22weight_class%22%2C%22fighter_id%22 "HTTP/2 201 Created"
2026-04-26 12:15:56,287 INFO HTTP Request: POST https://fznkfnxjeiijysnxccen.supabase.co/rest/v1/elo_history?columns=%22p4p_elo_before%22%2C%22p4p_elo_after%22%2C%22fight_id%22%2C%22delta%22%2C%22elo_before%22%2C%22elo_after%22%2C%22date%22%2C%22p4p_delta%22%2C%22weight_class%22%2C%22fighter_id%22 "HTTP/2 201 Created"
2026-04-26 12:15:56,861 INFO HTTP Request: POST https://fznkfnxjeiijysnxccen.supabase.co/rest/v1/elo_history?columns=%22p4p_elo_before%22%2C%22p4p_elo_after%22%2C%22fight_id%22%2C%22delta%22%2C%22elo_before%22%2C%22elo_after%22%2C%22date%22%2C%22p4p_delta%22%2C%22weight_class%22%2C%22fighter_id%22 "HTTP/2 201 Created"
2026-04-26 12:15:57,426 INFO HTTP Request: POST https://fznkfnxjeiijysnxccen.supabase.co/rest/v1/elo_history?columns=%22p4p_elo_before%22%2C%22p4p_elo_after%22%2C%22fight_id%22%2C%22delta%22%2C%22elo_before%22%2C%22elo_after%22%2C%22date%22%2C%22p4p_delta%22%2C%22weight_class%22%2C%22fighter_id%22 "HTTP/2 201 Created"
2026-04-26 12:15:57,671 INFO HTTP Request: POST https://fznkfnxjeiijysnxccen.supabase.co/rest/v1/elo_history?columns=%22p4p_elo_before%22%2C%22p4p_elo_after%22%2C%22fight_id%22%2C%22delta%22%2C%22elo_before%22%2C%22elo_after%22%2C%22date%22%2C%22p4p_delta%22%2C%22weight_class%22%2C%22fighter_id%22 "HTTP/2 201 Created"
2026-04-26 12:15:57,675 INFO ELO calculated for 8649 fights
2026-04-26 12:15:57,676 INFO ELO calculated for 8649 fights.
2026-04-26 12:15:57,676 INFO === Recalculate complete ===
