2026-04-25 10:47:45,123 INFO === Weekly run started ===
2026-04-25 10:47:45,123 INFO Step 1/4: Scraping new events, fights, and fighters from UFCStats.com...
2026-04-25 10:47:45,123 INFO Using existing file:
	N:\webprojects\GitHub\mma-elo\pipeline\data\event_data.csv
2026-04-25 10:47:45,129 INFO Scraping event links...
2026-04-25 10:47:46,953 INFO Got 771 event links...
2026-04-25 10:47:46,954 INFO Scraping 0 events...
2026-04-25 10:47:46,974 INFO Using existing file:
	N:\webprojects\GitHub\mma-elo\pipeline\data\fight_data.csv
2026-04-25 10:47:47,010 INFO Using existing file:
	N:\webprojects\GitHub\mma-elo\pipeline\data\round_data.csv
2026-04-25 10:47:47,415 INFO Scraping fight links...
2026-04-25 10:47:47,415 INFO Opening event information to extract event urls...
2026-04-25 10:47:47,416 INFO Using existing file:
	N:\webprojects\GitHub\mma-elo\pipeline\data\event_data.csv
2026-04-25 10:47:48,204 INFO Got 0 fight links...
2026-04-25 10:47:48,204 INFO Opening round information to scrape stats
2026-04-25 10:47:48,205 INFO Using existing file:
	N:\webprojects\GitHub\mma-elo\pipeline\data\round_data.csv
2026-04-25 10:47:48,604 INFO Scraping 0 fights...
2026-04-25 10:47:49,301 INFO Using existing file:
	N:\webprojects\GitHub\mma-elo\pipeline\data\fighter_data.csv
2026-04-25 10:47:49,323 INFO Scraping fighter links...
2026-04-25 10:48:15,424 INFO Got 4488 urls...
2026-04-25 10:48:15,424 INFO Scraping 0 fighters...
2026-04-25 10:48:15,495 INFO Scraped 771 events, 8649 fights, 4488 fighters
2026-04-25 10:48:15,495 INFO Step 2/4: Transforming to schema...
2026-04-25 10:48:16,448 INFO Parsed 4488 fighters, 771 events, 8649 fights
2026-04-25 10:48:16,448 INFO Step 3/4: Loading into Supabase...
2026-04-25 10:48:18,663 INFO HTTP Request: POST https://fznkfnxjeiijysnxccen.supabase.co/rest/v1/fighters?on_conflict=ufcstats_id&columns=%22name%22%2C%22date_of_birth%22%2C%22ufcstats_id%22 "HTTP/2 200 OK"
2026-04-25 10:48:18,909 INFO HTTP Request: POST https://fznkfnxjeiijysnxccen.supabase.co/rest/v1/fighters?on_conflict=ufcstats_id&columns=%22name%22%2C%22date_of_birth%22%2C%22ufcstats_id%22 "HTTP/2 200 OK"
2026-04-25 10:48:19,151 INFO HTTP Request: POST https://fznkfnxjeiijysnxccen.supabase.co/rest/v1/fighters?on_conflict=ufcstats_id&columns=%22name%22%2C%22date_of_birth%22%2C%22ufcstats_id%22 "HTTP/2 200 OK"
2026-04-25 10:48:19,394 INFO HTTP Request: POST https://fznkfnxjeiijysnxccen.supabase.co/rest/v1/fighters?on_conflict=ufcstats_id&columns=%22name%22%2C%22date_of_birth%22%2C%22ufcstats_id%22 "HTTP/2 200 OK"
2026-04-25 10:48:19,632 INFO HTTP Request: POST https://fznkfnxjeiijysnxccen.supabase.co/rest/v1/fighters?on_conflict=ufcstats_id&columns=%22name%22%2C%22date_of_birth%22%2C%22ufcstats_id%22 "HTTP/2 200 OK"
2026-04-25 10:48:19,868 INFO HTTP Request: POST https://fznkfnxjeiijysnxccen.supabase.co/rest/v1/fighters?on_conflict=ufcstats_id&columns=%22name%22%2C%22date_of_birth%22%2C%22ufcstats_id%22 "HTTP/2 200 OK"
2026-04-25 10:48:20,107 INFO HTTP Request: POST https://fznkfnxjeiijysnxccen.supabase.co/rest/v1/fighters?on_conflict=ufcstats_id&columns=%22name%22%2C%22date_of_birth%22%2C%22ufcstats_id%22 "HTTP/2 200 OK"
2026-04-25 10:48:20,365 INFO HTTP Request: POST https://fznkfnxjeiijysnxccen.supabase.co/rest/v1/fighters?on_conflict=ufcstats_id&columns=%22name%22%2C%22date_of_birth%22%2C%22ufcstats_id%22 "HTTP/2 200 OK"
2026-04-25 10:48:20,610 INFO HTTP Request: POST https://fznkfnxjeiijysnxccen.supabase.co/rest/v1/fighters?on_conflict=ufcstats_id&columns=%22name%22%2C%22date_of_birth%22%2C%22ufcstats_id%22 "HTTP/2 200 OK"
2026-04-25 10:48:20,846 INFO HTTP Request: POST https://fznkfnxjeiijysnxccen.supabase.co/rest/v1/fighters?on_conflict=ufcstats_id&columns=%22name%22%2C%22date_of_birth%22%2C%22ufcstats_id%22 "HTTP/2 200 OK"
2026-04-25 10:48:21,083 INFO HTTP Request: POST https://fznkfnxjeiijysnxccen.supabase.co/rest/v1/fighters?on_conflict=ufcstats_id&columns=%22name%22%2C%22date_of_birth%22%2C%22ufcstats_id%22 "HTTP/2 200 OK"
2026-04-25 10:48:21,320 INFO HTTP Request: POST https://fznkfnxjeiijysnxccen.supabase.co/rest/v1/fighters?on_conflict=ufcstats_id&columns=%22name%22%2C%22date_of_birth%22%2C%22ufcstats_id%22 "HTTP/2 200 OK"
2026-04-25 10:48:21,557 INFO HTTP Request: POST https://fznkfnxjeiijysnxccen.supabase.co/rest/v1/fighters?on_conflict=ufcstats_id&columns=%22name%22%2C%22date_of_birth%22%2C%22ufcstats_id%22 "HTTP/2 200 OK"
2026-04-25 10:48:21,798 INFO HTTP Request: POST https://fznkfnxjeiijysnxccen.supabase.co/rest/v1/fighters?on_conflict=ufcstats_id&columns=%22name%22%2C%22date_of_birth%22%2C%22ufcstats_id%22 "HTTP/2 200 OK"
2026-04-25 10:48:22,034 INFO HTTP Request: POST https://fznkfnxjeiijysnxccen.supabase.co/rest/v1/fighters?on_conflict=ufcstats_id&columns=%22name%22%2C%22date_of_birth%22%2C%22ufcstats_id%22 "HTTP/2 200 OK"
2026-04-25 10:48:22,274 INFO HTTP Request: POST https://fznkfnxjeiijysnxccen.supabase.co/rest/v1/fighters?on_conflict=ufcstats_id&columns=%22name%22%2C%22date_of_birth%22%2C%22ufcstats_id%22 "HTTP/2 200 OK"
2026-04-25 10:48:22,511 INFO HTTP Request: POST https://fznkfnxjeiijysnxccen.supabase.co/rest/v1/fighters?on_conflict=ufcstats_id&columns=%22name%22%2C%22date_of_birth%22%2C%22ufcstats_id%22 "HTTP/2 200 OK"
2026-04-25 10:48:22,748 INFO HTTP Request: POST https://fznkfnxjeiijysnxccen.supabase.co/rest/v1/fighters?on_conflict=ufcstats_id&columns=%22name%22%2C%22date_of_birth%22%2C%22ufcstats_id%22 "HTTP/2 200 OK"
2026-04-25 10:48:22,989 INFO HTTP Request: POST https://fznkfnxjeiijysnxccen.supabase.co/rest/v1/fighters?on_conflict=ufcstats_id&columns=%22name%22%2C%22date_of_birth%22%2C%22ufcstats_id%22 "HTTP/2 200 OK"
2026-04-25 10:48:23,225 INFO HTTP Request: POST https://fznkfnxjeiijysnxccen.supabase.co/rest/v1/fighters?on_conflict=ufcstats_id&columns=%22name%22%2C%22date_of_birth%22%2C%22ufcstats_id%22 "HTTP/2 200 OK"
2026-04-25 10:48:23,464 INFO HTTP Request: POST https://fznkfnxjeiijysnxccen.supabase.co/rest/v1/fighters?on_conflict=ufcstats_id&columns=%22name%22%2C%22date_of_birth%22%2C%22ufcstats_id%22 "HTTP/2 200 OK"
2026-04-25 10:48:23,700 INFO HTTP Request: POST https://fznkfnxjeiijysnxccen.supabase.co/rest/v1/fighters?on_conflict=ufcstats_id&columns=%22name%22%2C%22date_of_birth%22%2C%22ufcstats_id%22 "HTTP/2 200 OK"
2026-04-25 10:48:23,923 INFO HTTP Request: POST https://fznkfnxjeiijysnxccen.supabase.co/rest/v1/fighters?on_conflict=ufcstats_id&columns=%22name%22%2C%22date_of_birth%22%2C%22ufcstats_id%22 "HTTP/2 200 OK"
2026-04-25 10:48:23,925 INFO Upserted 4488 fighters
2026-04-25 10:48:24,322 INFO HTTP Request: GET https://fznkfnxjeiijysnxccen.supabase.co/rest/v1/fighters?select=id%2Cufcstats_id&offset=0&limit=1000 "HTTP/2 200 OK"
2026-04-25 10:48:24,549 INFO HTTP Request: GET https://fznkfnxjeiijysnxccen.supabase.co/rest/v1/fighters?select=id%2Cufcstats_id&offset=1000&limit=1000 "HTTP/2 200 OK"
2026-04-25 10:48:24,773 INFO HTTP Request: GET https://fznkfnxjeiijysnxccen.supabase.co/rest/v1/fighters?select=id%2Cufcstats_id&offset=2000&limit=1000 "HTTP/2 200 OK"
2026-04-25 10:48:24,998 INFO HTTP Request: GET https://fznkfnxjeiijysnxccen.supabase.co/rest/v1/fighters?select=id%2Cufcstats_id&offset=3000&limit=1000 "HTTP/2 200 OK"
2026-04-25 10:48:25,218 INFO HTTP Request: GET https://fznkfnxjeiijysnxccen.supabase.co/rest/v1/fighters?select=id%2Cufcstats_id&offset=4000&limit=1000 "HTTP/2 200 OK"
2026-04-25 10:48:25,480 INFO HTTP Request: POST https://fznkfnxjeiijysnxccen.supabase.co/rest/v1/events?on_conflict=ufcstats_id&columns=%22name%22%2C%22location%22%2C%22ufcstats_id%22%2C%22date%22 "HTTP/2 200 OK"
2026-04-25 10:48:25,734 INFO HTTP Request: POST https://fznkfnxjeiijysnxccen.supabase.co/rest/v1/events?on_conflict=ufcstats_id&columns=%22name%22%2C%22location%22%2C%22ufcstats_id%22%2C%22date%22 "HTTP/2 200 OK"
2026-04-25 10:48:25,988 INFO HTTP Request: POST https://fznkfnxjeiijysnxccen.supabase.co/rest/v1/events?on_conflict=ufcstats_id&columns=%22name%22%2C%22location%22%2C%22ufcstats_id%22%2C%22date%22 "HTTP/2 200 OK"
2026-04-25 10:48:26,230 INFO HTTP Request: POST https://fznkfnxjeiijysnxccen.supabase.co/rest/v1/events?on_conflict=ufcstats_id&columns=%22name%22%2C%22location%22%2C%22ufcstats_id%22%2C%22date%22 "HTTP/2 200 OK"
2026-04-25 10:48:26,233 INFO Upserted 771 events
2026-04-25 10:48:26,447 INFO HTTP Request: GET https://fznkfnxjeiijysnxccen.supabase.co/rest/v1/events?select=id%2Cufcstats_id&offset=0&limit=1000 "HTTP/2 200 OK"
2026-04-25 10:48:26,832 INFO HTTP Request: POST https://fznkfnxjeiijysnxccen.supabase.co/rest/v1/fights?on_conflict=ufcstats_id&columns=%22fighter_a_id%22%2C%22round%22%2C%22event_id%22%2C%22weight_class%22%2C%22winner_id%22%2C%22is_title_fight%22%2C%22ufcstats_id%22%2C%22method%22%2C%22time%22%2C%22fighter_b_id%22 "HTTP/2 200 OK"
2026-04-25 10:48:27,142 INFO HTTP Request: POST https://fznkfnxjeiijysnxccen.supabase.co/rest/v1/fights?on_conflict=ufcstats_id&columns=%22fighter_a_id%22%2C%22round%22%2C%22event_id%22%2C%22weight_class%22%2C%22winner_id%22%2C%22is_title_fight%22%2C%22ufcstats_id%22%2C%22method%22%2C%22time%22%2C%22fighter_b_id%22 "HTTP/2 200 OK"
2026-04-25 10:48:27,451 INFO HTTP Request: POST https://fznkfnxjeiijysnxccen.supabase.co/rest/v1/fights?on_conflict=ufcstats_id&columns=%22fighter_a_id%22%2C%22round%22%2C%22event_id%22%2C%22weight_class%22%2C%22winner_id%22%2C%22is_title_fight%22%2C%22ufcstats_id%22%2C%22method%22%2C%22time%22%2C%22fighter_b_id%22 "HTTP/2 200 OK"
2026-04-25 10:48:27,762 INFO HTTP Request: POST https://fznkfnxjeiijysnxccen.supabase.co/rest/v1/fights?on_conflict=ufcstats_id&columns=%22fighter_a_id%22%2C%22round%22%2C%22event_id%22%2C%22weight_class%22%2C%22winner_id%22%2C%22is_title_fight%22%2C%22ufcstats_id%22%2C%22method%22%2C%22time%22%2C%22fighter_b_id%22 "HTTP/2 200 OK"
2026-04-25 10:48:28,075 INFO HTTP Request: POST https://fznkfnxjeiijysnxccen.supabase.co/rest/v1/fights?on_conflict=ufcstats_id&columns=%22fighter_a_id%22%2C%22round%22%2C%22event_id%22%2C%22weight_class%22%2C%22winner_id%22%2C%22is_title_fight%22%2C%22ufcstats_id%22%2C%22method%22%2C%22time%22%2C%22fighter_b_id%22 "HTTP/2 200 OK"
2026-04-25 10:48:28,385 INFO HTTP Request: POST https://fznkfnxjeiijysnxccen.supabase.co/rest/v1/fights?on_conflict=ufcstats_id&columns=%22fighter_a_id%22%2C%22round%22%2C%22event_id%22%2C%22weight_class%22%2C%22winner_id%22%2C%22is_title_fight%22%2C%22ufcstats_id%22%2C%22method%22%2C%22time%22%2C%22fighter_b_id%22 "HTTP/2 200 OK"
2026-04-25 10:48:28,699 INFO HTTP Request: POST https://fznkfnxjeiijysnxccen.supabase.co/rest/v1/fights?on_conflict=ufcstats_id&columns=%22fighter_a_id%22%2C%22round%22%2C%22event_id%22%2C%22weight_class%22%2C%22winner_id%22%2C%22is_title_fight%22%2C%22ufcstats_id%22%2C%22method%22%2C%22time%22%2C%22fighter_b_id%22 "HTTP/2 200 OK"
2026-04-25 10:48:29,010 INFO HTTP Request: POST https://fznkfnxjeiijysnxccen.supabase.co/rest/v1/fights?on_conflict=ufcstats_id&columns=%22fighter_a_id%22%2C%22round%22%2C%22event_id%22%2C%22weight_class%22%2C%22winner_id%22%2C%22is_title_fight%22%2C%22ufcstats_id%22%2C%22method%22%2C%22time%22%2C%22fighter_b_id%22 "HTTP/2 200 OK"
2026-04-25 10:48:29,705 INFO HTTP Request: POST https://fznkfnxjeiijysnxccen.supabase.co/rest/v1/fights?on_conflict=ufcstats_id&columns=%22fighter_a_id%22%2C%22round%22%2C%22event_id%22%2C%22weight_class%22%2C%22winner_id%22%2C%22is_title_fight%22%2C%22ufcstats_id%22%2C%22method%22%2C%22time%22%2C%22fighter_b_id%22 "HTTP/2 200 OK"
2026-04-25 10:48:30,014 INFO HTTP Request: POST https://fznkfnxjeiijysnxccen.supabase.co/rest/v1/fights?on_conflict=ufcstats_id&columns=%22fighter_a_id%22%2C%22round%22%2C%22event_id%22%2C%22weight_class%22%2C%22winner_id%22%2C%22is_title_fight%22%2C%22ufcstats_id%22%2C%22method%22%2C%22time%22%2C%22fighter_b_id%22 "HTTP/2 200 OK"
2026-04-25 10:48:30,333 INFO HTTP Request: POST https://fznkfnxjeiijysnxccen.supabase.co/rest/v1/fights?on_conflict=ufcstats_id&columns=%22fighter_a_id%22%2C%22round%22%2C%22event_id%22%2C%22weight_class%22%2C%22winner_id%22%2C%22is_title_fight%22%2C%22ufcstats_id%22%2C%22method%22%2C%22time%22%2C%22fighter_b_id%22 "HTTP/2 200 OK"
2026-04-25 10:48:30,645 INFO HTTP Request: POST https://fznkfnxjeiijysnxccen.supabase.co/rest/v1/fights?on_conflict=ufcstats_id&columns=%22fighter_a_id%22%2C%22round%22%2C%22event_id%22%2C%22weight_class%22%2C%22winner_id%22%2C%22is_title_fight%22%2C%22ufcstats_id%22%2C%22method%22%2C%22time%22%2C%22fighter_b_id%22 "HTTP/2 200 OK"
2026-04-25 10:48:30,955 INFO HTTP Request: POST https://fznkfnxjeiijysnxccen.supabase.co/rest/v1/fights?on_conflict=ufcstats_id&columns=%22fighter_a_id%22%2C%22round%22%2C%22event_id%22%2C%22weight_class%22%2C%22winner_id%22%2C%22is_title_fight%22%2C%22ufcstats_id%22%2C%22method%22%2C%22time%22%2C%22fighter_b_id%22 "HTTP/2 200 OK"
2026-04-25 10:48:31,267 INFO HTTP Request: POST https://fznkfnxjeiijysnxccen.supabase.co/rest/v1/fights?on_conflict=ufcstats_id&columns=%22fighter_a_id%22%2C%22round%22%2C%22event_id%22%2C%22weight_class%22%2C%22winner_id%22%2C%22is_title_fight%22%2C%22ufcstats_id%22%2C%22method%22%2C%22time%22%2C%22fighter_b_id%22 "HTTP/2 200 OK"
2026-04-25 10:48:31,581 INFO HTTP Request: POST https://fznkfnxjeiijysnxccen.supabase.co/rest/v1/fights?on_conflict=ufcstats_id&columns=%22fighter_a_id%22%2C%22round%22%2C%22event_id%22%2C%22weight_class%22%2C%22winner_id%22%2C%22is_title_fight%22%2C%22ufcstats_id%22%2C%22method%22%2C%22time%22%2C%22fighter_b_id%22 "HTTP/2 200 OK"
2026-04-25 10:48:31,891 INFO HTTP Request: POST https://fznkfnxjeiijysnxccen.supabase.co/rest/v1/fights?on_conflict=ufcstats_id&columns=%22fighter_a_id%22%2C%22round%22%2C%22event_id%22%2C%22weight_class%22%2C%22winner_id%22%2C%22is_title_fight%22%2C%22ufcstats_id%22%2C%22method%22%2C%22time%22%2C%22fighter_b_id%22 "HTTP/2 200 OK"
2026-04-25 10:48:32,206 INFO HTTP Request: POST https://fznkfnxjeiijysnxccen.supabase.co/rest/v1/fights?on_conflict=ufcstats_id&columns=%22fighter_a_id%22%2C%22round%22%2C%22event_id%22%2C%22weight_class%22%2C%22winner_id%22%2C%22is_title_fight%22%2C%22ufcstats_id%22%2C%22method%22%2C%22time%22%2C%22fighter_b_id%22 "HTTP/2 200 OK"
2026-04-25 10:48:32,521 INFO HTTP Request: POST https://fznkfnxjeiijysnxccen.supabase.co/rest/v1/fights?on_conflict=ufcstats_id&columns=%22fighter_a_id%22%2C%22round%22%2C%22event_id%22%2C%22weight_class%22%2C%22winner_id%22%2C%22is_title_fight%22%2C%22ufcstats_id%22%2C%22method%22%2C%22time%22%2C%22fighter_b_id%22 "HTTP/2 200 OK"
2026-04-25 10:48:32,830 INFO HTTP Request: POST https://fznkfnxjeiijysnxccen.supabase.co/rest/v1/fights?on_conflict=ufcstats_id&columns=%22fighter_a_id%22%2C%22round%22%2C%22event_id%22%2C%22weight_class%22%2C%22winner_id%22%2C%22is_title_fight%22%2C%22ufcstats_id%22%2C%22method%22%2C%22time%22%2C%22fighter_b_id%22 "HTTP/2 200 OK"
2026-04-25 10:48:33,137 INFO HTTP Request: POST https://fznkfnxjeiijysnxccen.supabase.co/rest/v1/fights?on_conflict=ufcstats_id&columns=%22fighter_a_id%22%2C%22round%22%2C%22event_id%22%2C%22weight_class%22%2C%22winner_id%22%2C%22is_title_fight%22%2C%22ufcstats_id%22%2C%22method%22%2C%22time%22%2C%22fighter_b_id%22 "HTTP/2 200 OK"
2026-04-25 10:48:33,447 INFO HTTP Request: POST https://fznkfnxjeiijysnxccen.supabase.co/rest/v1/fights?on_conflict=ufcstats_id&columns=%22fighter_a_id%22%2C%22round%22%2C%22event_id%22%2C%22weight_class%22%2C%22winner_id%22%2C%22is_title_fight%22%2C%22ufcstats_id%22%2C%22method%22%2C%22time%22%2C%22fighter_b_id%22 "HTTP/2 200 OK"
2026-04-25 10:48:33,759 INFO HTTP Request: POST https://fznkfnxjeiijysnxccen.supabase.co/rest/v1/fights?on_conflict=ufcstats_id&columns=%22fighter_a_id%22%2C%22round%22%2C%22event_id%22%2C%22weight_class%22%2C%22winner_id%22%2C%22is_title_fight%22%2C%22ufcstats_id%22%2C%22method%22%2C%22time%22%2C%22fighter_b_id%22 "HTTP/2 200 OK"
2026-04-25 10:48:34,066 INFO HTTP Request: POST https://fznkfnxjeiijysnxccen.supabase.co/rest/v1/fights?on_conflict=ufcstats_id&columns=%22fighter_a_id%22%2C%22round%22%2C%22event_id%22%2C%22weight_class%22%2C%22winner_id%22%2C%22is_title_fight%22%2C%22ufcstats_id%22%2C%22method%22%2C%22time%22%2C%22fighter_b_id%22 "HTTP/2 200 OK"
2026-04-25 10:48:34,374 INFO HTTP Request: POST https://fznkfnxjeiijysnxccen.supabase.co/rest/v1/fights?on_conflict=ufcstats_id&columns=%22fighter_a_id%22%2C%22round%22%2C%22event_id%22%2C%22weight_class%22%2C%22winner_id%22%2C%22is_title_fight%22%2C%22ufcstats_id%22%2C%22method%22%2C%22time%22%2C%22fighter_b_id%22 "HTTP/2 200 OK"
2026-04-25 10:48:34,685 INFO HTTP Request: POST https://fznkfnxjeiijysnxccen.supabase.co/rest/v1/fights?on_conflict=ufcstats_id&columns=%22fighter_a_id%22%2C%22round%22%2C%22event_id%22%2C%22weight_class%22%2C%22winner_id%22%2C%22is_title_fight%22%2C%22ufcstats_id%22%2C%22method%22%2C%22time%22%2C%22fighter_b_id%22 "HTTP/2 200 OK"
2026-04-25 10:48:34,996 INFO HTTP Request: POST https://fznkfnxjeiijysnxccen.supabase.co/rest/v1/fights?on_conflict=ufcstats_id&columns=%22fighter_a_id%22%2C%22round%22%2C%22event_id%22%2C%22weight_class%22%2C%22winner_id%22%2C%22is_title_fight%22%2C%22ufcstats_id%22%2C%22method%22%2C%22time%22%2C%22fighter_b_id%22 "HTTP/2 200 OK"
2026-04-25 10:48:35,310 INFO HTTP Request: POST https://fznkfnxjeiijysnxccen.supabase.co/rest/v1/fights?on_conflict=ufcstats_id&columns=%22fighter_a_id%22%2C%22round%22%2C%22event_id%22%2C%22weight_class%22%2C%22winner_id%22%2C%22is_title_fight%22%2C%22ufcstats_id%22%2C%22method%22%2C%22time%22%2C%22fighter_b_id%22 "HTTP/2 200 OK"
2026-04-25 10:48:35,620 INFO HTTP Request: POST https://fznkfnxjeiijysnxccen.supabase.co/rest/v1/fights?on_conflict=ufcstats_id&columns=%22fighter_a_id%22%2C%22round%22%2C%22event_id%22%2C%22weight_class%22%2C%22winner_id%22%2C%22is_title_fight%22%2C%22ufcstats_id%22%2C%22method%22%2C%22time%22%2C%22fighter_b_id%22 "HTTP/2 200 OK"
2026-04-25 10:48:35,929 INFO HTTP Request: POST https://fznkfnxjeiijysnxccen.supabase.co/rest/v1/fights?on_conflict=ufcstats_id&columns=%22fighter_a_id%22%2C%22round%22%2C%22event_id%22%2C%22weight_class%22%2C%22winner_id%22%2C%22is_title_fight%22%2C%22ufcstats_id%22%2C%22method%22%2C%22time%22%2C%22fighter_b_id%22 "HTTP/2 200 OK"
2026-04-25 10:48:36,238 INFO HTTP Request: POST https://fznkfnxjeiijysnxccen.supabase.co/rest/v1/fights?on_conflict=ufcstats_id&columns=%22fighter_a_id%22%2C%22round%22%2C%22event_id%22%2C%22weight_class%22%2C%22winner_id%22%2C%22is_title_fight%22%2C%22ufcstats_id%22%2C%22method%22%2C%22time%22%2C%22fighter_b_id%22 "HTTP/2 200 OK"
2026-04-25 10:48:36,551 INFO HTTP Request: POST https://fznkfnxjeiijysnxccen.supabase.co/rest/v1/fights?on_conflict=ufcstats_id&columns=%22fighter_a_id%22%2C%22round%22%2C%22event_id%22%2C%22weight_class%22%2C%22winner_id%22%2C%22is_title_fight%22%2C%22ufcstats_id%22%2C%22method%22%2C%22time%22%2C%22fighter_b_id%22 "HTTP/2 200 OK"
2026-04-25 10:48:36,861 INFO HTTP Request: POST https://fznkfnxjeiijysnxccen.supabase.co/rest/v1/fights?on_conflict=ufcstats_id&columns=%22fighter_a_id%22%2C%22round%22%2C%22event_id%22%2C%22weight_class%22%2C%22winner_id%22%2C%22is_title_fight%22%2C%22ufcstats_id%22%2C%22method%22%2C%22time%22%2C%22fighter_b_id%22 "HTTP/2 200 OK"
2026-04-25 10:48:37,169 INFO HTTP Request: POST https://fznkfnxjeiijysnxccen.supabase.co/rest/v1/fights?on_conflict=ufcstats_id&columns=%22fighter_a_id%22%2C%22round%22%2C%22event_id%22%2C%22weight_class%22%2C%22winner_id%22%2C%22is_title_fight%22%2C%22ufcstats_id%22%2C%22method%22%2C%22time%22%2C%22fighter_b_id%22 "HTTP/2 200 OK"
2026-04-25 10:48:37,481 INFO HTTP Request: POST https://fznkfnxjeiijysnxccen.supabase.co/rest/v1/fights?on_conflict=ufcstats_id&columns=%22fighter_a_id%22%2C%22round%22%2C%22event_id%22%2C%22weight_class%22%2C%22winner_id%22%2C%22is_title_fight%22%2C%22ufcstats_id%22%2C%22method%22%2C%22time%22%2C%22fighter_b_id%22 "HTTP/2 200 OK"
2026-04-25 10:48:37,797 INFO HTTP Request: POST https://fznkfnxjeiijysnxccen.supabase.co/rest/v1/fights?on_conflict=ufcstats_id&columns=%22fighter_a_id%22%2C%22round%22%2C%22event_id%22%2C%22weight_class%22%2C%22winner_id%22%2C%22is_title_fight%22%2C%22ufcstats_id%22%2C%22method%22%2C%22time%22%2C%22fighter_b_id%22 "HTTP/2 200 OK"
2026-04-25 10:48:38,124 INFO HTTP Request: POST https://fznkfnxjeiijysnxccen.supabase.co/rest/v1/fights?on_conflict=ufcstats_id&columns=%22fighter_a_id%22%2C%22round%22%2C%22event_id%22%2C%22weight_class%22%2C%22winner_id%22%2C%22is_title_fight%22%2C%22ufcstats_id%22%2C%22method%22%2C%22time%22%2C%22fighter_b_id%22 "HTTP/2 200 OK"
2026-04-25 10:48:38,438 INFO HTTP Request: POST https://fznkfnxjeiijysnxccen.supabase.co/rest/v1/fights?on_conflict=ufcstats_id&columns=%22fighter_a_id%22%2C%22round%22%2C%22event_id%22%2C%22weight_class%22%2C%22winner_id%22%2C%22is_title_fight%22%2C%22ufcstats_id%22%2C%22method%22%2C%22time%22%2C%22fighter_b_id%22 "HTTP/2 200 OK"
2026-04-25 10:48:38,750 INFO HTTP Request: POST https://fznkfnxjeiijysnxccen.supabase.co/rest/v1/fights?on_conflict=ufcstats_id&columns=%22fighter_a_id%22%2C%22round%22%2C%22event_id%22%2C%22weight_class%22%2C%22winner_id%22%2C%22is_title_fight%22%2C%22ufcstats_id%22%2C%22method%22%2C%22time%22%2C%22fighter_b_id%22 "HTTP/2 200 OK"
2026-04-25 10:48:39,062 INFO HTTP Request: POST https://fznkfnxjeiijysnxccen.supabase.co/rest/v1/fights?on_conflict=ufcstats_id&columns=%22fighter_a_id%22%2C%22round%22%2C%22event_id%22%2C%22weight_class%22%2C%22winner_id%22%2C%22is_title_fight%22%2C%22ufcstats_id%22%2C%22method%22%2C%22time%22%2C%22fighter_b_id%22 "HTTP/2 200 OK"
2026-04-25 10:48:39,373 INFO HTTP Request: POST https://fznkfnxjeiijysnxccen.supabase.co/rest/v1/fights?on_conflict=ufcstats_id&columns=%22fighter_a_id%22%2C%22round%22%2C%22event_id%22%2C%22weight_class%22%2C%22winner_id%22%2C%22is_title_fight%22%2C%22ufcstats_id%22%2C%22method%22%2C%22time%22%2C%22fighter_b_id%22 "HTTP/2 200 OK"
2026-04-25 10:48:39,684 INFO HTTP Request: POST https://fznkfnxjeiijysnxccen.supabase.co/rest/v1/fights?on_conflict=ufcstats_id&columns=%22fighter_a_id%22%2C%22round%22%2C%22event_id%22%2C%22weight_class%22%2C%22winner_id%22%2C%22is_title_fight%22%2C%22ufcstats_id%22%2C%22method%22%2C%22time%22%2C%22fighter_b_id%22 "HTTP/2 200 OK"
2026-04-25 10:48:39,992 INFO HTTP Request: POST https://fznkfnxjeiijysnxccen.supabase.co/rest/v1/fights?on_conflict=ufcstats_id&columns=%22fighter_a_id%22%2C%22round%22%2C%22event_id%22%2C%22weight_class%22%2C%22winner_id%22%2C%22is_title_fight%22%2C%22ufcstats_id%22%2C%22method%22%2C%22time%22%2C%22fighter_b_id%22 "HTTP/2 200 OK"
2026-04-25 10:48:40,303 INFO HTTP Request: POST https://fznkfnxjeiijysnxccen.supabase.co/rest/v1/fights?on_conflict=ufcstats_id&columns=%22fighter_a_id%22%2C%22round%22%2C%22event_id%22%2C%22weight_class%22%2C%22winner_id%22%2C%22is_title_fight%22%2C%22ufcstats_id%22%2C%22method%22%2C%22time%22%2C%22fighter_b_id%22 "HTTP/2 200 OK"
2026-04-25 10:48:40,539 INFO HTTP Request: POST https://fznkfnxjeiijysnxccen.supabase.co/rest/v1/fights?on_conflict=ufcstats_id&columns=%22fighter_a_id%22%2C%22round%22%2C%22event_id%22%2C%22weight_class%22%2C%22winner_id%22%2C%22is_title_fight%22%2C%22ufcstats_id%22%2C%22method%22%2C%22time%22%2C%22fighter_b_id%22 "HTTP/2 200 OK"
2026-04-25 10:48:40,542 INFO Upserted 8649 fights, skipped 0
2026-04-25 10:48:40,543 INFO Step 4/4: Calculating ELO history...
2026-04-25 10:48:40,787 INFO HTTP Request: GET https://fznkfnxjeiijysnxccen.supabase.co/rest/v1/fights?select=id%2Cfighter_a_id%2Cfighter_b_id%2Cwinner_id%2Cmethod%2Cweight_class%2Cevents%28date%29&offset=0&limit=1000&order=events%28date%29.asc "HTTP/2 200 OK"
2026-04-25 10:48:41,227 INFO HTTP Request: GET https://fznkfnxjeiijysnxccen.supabase.co/rest/v1/fights?select=id%2Cfighter_a_id%2Cfighter_b_id%2Cwinner_id%2Cmethod%2Cweight_class%2Cevents%28date%29&offset=1000&limit=1000&order=events%28date%29.asc "HTTP/2 200 OK"
2026-04-25 10:48:41,679 INFO HTTP Request: GET https://fznkfnxjeiijysnxccen.supabase.co/rest/v1/fights?select=id%2Cfighter_a_id%2Cfighter_b_id%2Cwinner_id%2Cmethod%2Cweight_class%2Cevents%28date%29&offset=2000&limit=1000&order=events%28date%29.asc "HTTP/2 200 OK"
2026-04-25 10:48:41,958 INFO HTTP Request: GET https://fznkfnxjeiijysnxccen.supabase.co/rest/v1/fights?select=id%2Cfighter_a_id%2Cfighter_b_id%2Cwinner_id%2Cmethod%2Cweight_class%2Cevents%28date%29&offset=3000&limit=1000&order=events%28date%29.asc "HTTP/2 200 OK"
2026-04-25 10:48:42,236 INFO HTTP Request: GET https://fznkfnxjeiijysnxccen.supabase.co/rest/v1/fights?select=id%2Cfighter_a_id%2Cfighter_b_id%2Cwinner_id%2Cmethod%2Cweight_class%2Cevents%28date%29&offset=4000&limit=1000&order=events%28date%29.asc "HTTP/2 200 OK"
2026-04-25 10:48:42,515 INFO HTTP Request: GET https://fznkfnxjeiijysnxccen.supabase.co/rest/v1/fights?select=id%2Cfighter_a_id%2Cfighter_b_id%2Cwinner_id%2Cmethod%2Cweight_class%2Cevents%28date%29&offset=5000&limit=1000&order=events%28date%29.asc "HTTP/2 200 OK"
2026-04-25 10:48:42,797 INFO HTTP Request: GET https://fznkfnxjeiijysnxccen.supabase.co/rest/v1/fights?select=id%2Cfighter_a_id%2Cfighter_b_id%2Cwinner_id%2Cmethod%2Cweight_class%2Cevents%28date%29&offset=6000&limit=1000&order=events%28date%29.asc "HTTP/2 200 OK"
2026-04-25 10:48:43,077 INFO HTTP Request: GET https://fznkfnxjeiijysnxccen.supabase.co/rest/v1/fights?select=id%2Cfighter_a_id%2Cfighter_b_id%2Cwinner_id%2Cmethod%2Cweight_class%2Cevents%28date%29&offset=7000&limit=1000&order=events%28date%29.asc "HTTP/2 200 OK"
2026-04-25 10:48:43,351 INFO HTTP Request: GET https://fznkfnxjeiijysnxccen.supabase.co/rest/v1/fights?select=id%2Cfighter_a_id%2Cfighter_b_id%2Cwinner_id%2Cmethod%2Cweight_class%2Cevents%28date%29&offset=8000&limit=1000&order=events%28date%29.asc "HTTP/2 200 OK"
2026-04-25 10:48:43,591 INFO HTTP Request: GET https://fznkfnxjeiijysnxccen.supabase.co/rest/v1/elo_history?select=fight_id&offset=0&limit=1000 "HTTP/2 200 OK"
2026-04-25 10:48:43,812 INFO HTTP Request: GET https://fznkfnxjeiijysnxccen.supabase.co/rest/v1/elo_history?select=fight_id&offset=1000&limit=1000 "HTTP/2 200 OK"
2026-04-25 10:48:44,034 INFO HTTP Request: GET https://fznkfnxjeiijysnxccen.supabase.co/rest/v1/elo_history?select=fight_id&offset=2000&limit=1000 "HTTP/2 200 OK"
2026-04-25 10:48:44,257 INFO HTTP Request: GET https://fznkfnxjeiijysnxccen.supabase.co/rest/v1/elo_history?select=fight_id&offset=3000&limit=1000 "HTTP/2 200 OK"
2026-04-25 10:48:44,480 INFO HTTP Request: GET https://fznkfnxjeiijysnxccen.supabase.co/rest/v1/elo_history?select=fight_id&offset=4000&limit=1000 "HTTP/2 200 OK"
2026-04-25 10:48:44,697 INFO HTTP Request: GET https://fznkfnxjeiijysnxccen.supabase.co/rest/v1/elo_history?select=fight_id&offset=5000&limit=1000 "HTTP/2 200 OK"
2026-04-25 10:48:44,918 INFO HTTP Request: GET https://fznkfnxjeiijysnxccen.supabase.co/rest/v1/elo_history?select=fight_id&offset=6000&limit=1000 "HTTP/2 200 OK"
2026-04-25 10:48:45,142 INFO HTTP Request: GET https://fznkfnxjeiijysnxccen.supabase.co/rest/v1/elo_history?select=fight_id&offset=7000&limit=1000 "HTTP/2 200 OK"
2026-04-25 10:48:45,362 INFO HTTP Request: GET https://fznkfnxjeiijysnxccen.supabase.co/rest/v1/elo_history?select=fight_id&offset=8000&limit=1000 "HTTP/2 200 OK"
2026-04-25 10:48:45,579 INFO HTTP Request: GET https://fznkfnxjeiijysnxccen.supabase.co/rest/v1/elo_history?select=fight_id&offset=9000&limit=1000 "HTTP/2 200 OK"
2026-04-25 10:48:45,796 INFO HTTP Request: GET https://fznkfnxjeiijysnxccen.supabase.co/rest/v1/elo_history?select=fight_id&offset=10000&limit=1000 "HTTP/2 200 OK"
2026-04-25 10:48:46,016 INFO HTTP Request: GET https://fznkfnxjeiijysnxccen.supabase.co/rest/v1/elo_history?select=fight_id&offset=11000&limit=1000 "HTTP/2 200 OK"
2026-04-25 10:48:46,235 INFO HTTP Request: GET https://fznkfnxjeiijysnxccen.supabase.co/rest/v1/elo_history?select=fight_id&offset=12000&limit=1000 "HTTP/2 200 OK"
2026-04-25 10:48:46,454 INFO HTTP Request: GET https://fznkfnxjeiijysnxccen.supabase.co/rest/v1/elo_history?select=fight_id&offset=13000&limit=1000 "HTTP/2 200 OK"
2026-04-25 10:48:46,675 INFO HTTP Request: GET https://fznkfnxjeiijysnxccen.supabase.co/rest/v1/elo_history?select=fight_id&offset=14000&limit=1000 "HTTP/2 200 OK"
2026-04-25 10:48:46,895 INFO HTTP Request: GET https://fznkfnxjeiijysnxccen.supabase.co/rest/v1/elo_history?select=fight_id&offset=15000&limit=1000 "HTTP/2 200 OK"
2026-04-25 10:48:47,119 INFO HTTP Request: GET https://fznkfnxjeiijysnxccen.supabase.co/rest/v1/elo_history?select=fight_id&offset=16000&limit=1000 "HTTP/2 200 OK"
2026-04-25 10:48:47,335 INFO HTTP Request: GET https://fznkfnxjeiijysnxccen.supabase.co/rest/v1/elo_history?select=fight_id&offset=17000&limit=1000 "HTTP/2 200 OK"
2026-04-25 10:48:47,559 INFO HTTP Request: GET https://fznkfnxjeiijysnxccen.supabase.co/rest/v1/elo_history?select=fighter_id%2Cweight_class%2Celo_after%2Cdate&offset=0&limit=1000&order=date.asc "HTTP/2 200 OK"
2026-04-25 10:48:47,794 INFO HTTP Request: GET https://fznkfnxjeiijysnxccen.supabase.co/rest/v1/elo_history?select=fighter_id%2Cweight_class%2Celo_after%2Cdate&offset=1000&limit=1000&order=date.asc "HTTP/2 200 OK"
2026-04-25 10:48:48,027 INFO HTTP Request: GET https://fznkfnxjeiijysnxccen.supabase.co/rest/v1/elo_history?select=fighter_id%2Cweight_class%2Celo_after%2Cdate&offset=2000&limit=1000&order=date.asc "HTTP/2 200 OK"
2026-04-25 10:48:48,266 INFO HTTP Request: GET https://fznkfnxjeiijysnxccen.supabase.co/rest/v1/elo_history?select=fighter_id%2Cweight_class%2Celo_after%2Cdate&offset=3000&limit=1000&order=date.asc "HTTP/2 200 OK"
2026-04-25 10:48:48,503 INFO HTTP Request: GET https://fznkfnxjeiijysnxccen.supabase.co/rest/v1/elo_history?select=fighter_id%2Cweight_class%2Celo_after%2Cdate&offset=4000&limit=1000&order=date.asc "HTTP/2 200 OK"
2026-04-25 10:48:48,735 INFO HTTP Request: GET https://fznkfnxjeiijysnxccen.supabase.co/rest/v1/elo_history?select=fighter_id%2Cweight_class%2Celo_after%2Cdate&offset=5000&limit=1000&order=date.asc "HTTP/2 200 OK"
2026-04-25 10:48:48,973 INFO HTTP Request: GET https://fznkfnxjeiijysnxccen.supabase.co/rest/v1/elo_history?select=fighter_id%2Cweight_class%2Celo_after%2Cdate&offset=6000&limit=1000&order=date.asc "HTTP/2 200 OK"
2026-04-25 10:48:49,210 INFO HTTP Request: GET https://fznkfnxjeiijysnxccen.supabase.co/rest/v1/elo_history?select=fighter_id%2Cweight_class%2Celo_after%2Cdate&offset=7000&limit=1000&order=date.asc "HTTP/2 200 OK"
2026-04-25 10:48:49,444 INFO HTTP Request: GET https://fznkfnxjeiijysnxccen.supabase.co/rest/v1/elo_history?select=fighter_id%2Cweight_class%2Celo_after%2Cdate&offset=8000&limit=1000&order=date.asc "HTTP/2 200 OK"
2026-04-25 10:48:49,685 INFO HTTP Request: GET https://fznkfnxjeiijysnxccen.supabase.co/rest/v1/elo_history?select=fighter_id%2Cweight_class%2Celo_after%2Cdate&offset=9000&limit=1000&order=date.asc "HTTP/2 200 OK"
2026-04-25 10:48:49,920 INFO HTTP Request: GET https://fznkfnxjeiijysnxccen.supabase.co/rest/v1/elo_history?select=fighter_id%2Cweight_class%2Celo_after%2Cdate&offset=10000&limit=1000&order=date.asc "HTTP/2 200 OK"
2026-04-25 10:48:50,155 INFO HTTP Request: GET https://fznkfnxjeiijysnxccen.supabase.co/rest/v1/elo_history?select=fighter_id%2Cweight_class%2Celo_after%2Cdate&offset=11000&limit=1000&order=date.asc "HTTP/2 200 OK"
2026-04-25 10:48:50,389 INFO HTTP Request: GET https://fznkfnxjeiijysnxccen.supabase.co/rest/v1/elo_history?select=fighter_id%2Cweight_class%2Celo_after%2Cdate&offset=12000&limit=1000&order=date.asc "HTTP/2 200 OK"
2026-04-25 10:48:50,623 INFO HTTP Request: GET https://fznkfnxjeiijysnxccen.supabase.co/rest/v1/elo_history?select=fighter_id%2Cweight_class%2Celo_after%2Cdate&offset=13000&limit=1000&order=date.asc "HTTP/2 200 OK"
2026-04-25 10:48:50,862 INFO HTTP Request: GET https://fznkfnxjeiijysnxccen.supabase.co/rest/v1/elo_history?select=fighter_id%2Cweight_class%2Celo_after%2Cdate&offset=14000&limit=1000&order=date.asc "HTTP/2 200 OK"
2026-04-25 10:48:51,098 INFO HTTP Request: GET https://fznkfnxjeiijysnxccen.supabase.co/rest/v1/elo_history?select=fighter_id%2Cweight_class%2Celo_after%2Cdate&offset=15000&limit=1000&order=date.asc "HTTP/2 200 OK"
2026-04-25 10:48:51,335 INFO HTTP Request: GET https://fznkfnxjeiijysnxccen.supabase.co/rest/v1/elo_history?select=fighter_id%2Cweight_class%2Celo_after%2Cdate&offset=16000&limit=1000&order=date.asc "HTTP/2 200 OK"
2026-04-25 10:48:51,569 INFO HTTP Request: GET https://fznkfnxjeiijysnxccen.supabase.co/rest/v1/elo_history?select=fighter_id%2Cweight_class%2Celo_after%2Cdate&offset=17000&limit=1000&order=date.asc "HTTP/2 200 OK"
2026-04-25 10:48:51,901 INFO HTTP Request: POST https://fznkfnxjeiijysnxccen.supabase.co/rest/v1/elo_history?columns=%22date%22%2C%22weight_class%22%2C%22delta%22%2C%22elo_before%22%2C%22fight_id%22%2C%22fighter_id%22%2C%22elo_after%22 "HTTP/2 201 Created"
2026-04-25 10:48:51,903 INFO ELO calculated for 18 fights
2026-04-25 10:48:51,906 INFO ELO calculated for 18 fights
2026-04-25 10:48:51,906 INFO === Weekly run complete ===
